This file contains any messages produced by compilers while
running configure, to aid debugging if configure makes a mistake.

It was created by igraph configure 0.7.1, which was
generated by GNU Autoconf 2.69.  Invocation command line was

  $ ./configure 

## --------- ##
## Platform. ##
## --------- ##

hostname = marketdepth.mit.edu
uname -m = x86_64
uname -r = 2.6.32-504.8.1.el6.x86_64
uname -s = Linux
uname -v = #1 SMP Fri Dec 19 12:09:25 EST 2014

/usr/bin/uname -p = unknown
/bin/uname -X     = unknown

/bin/arch              = x86_64
/usr/bin/arch -k       = unknown
/usr/convex/getsysinfo = unknown
/usr/bin/hostinfo      = unknown
/bin/machine           = unknown
/usr/bin/oslevel       = unknown
/bin/universe          = unknown

PATH: /home/houghton/venv/bin
PATH: /home/UTL
PATH: /home/TOOL
PATH: /usr/lib64/qt-3.3/bin
PATH: /usr/local/bin
PATH: /bin
PATH: /usr/bin
PATH: /usr/local/sbin
PATH: /usr/sbin
PATH: /sbin
PATH: /home/houghton/bin


## ----------- ##
## Core tests. ##
## ----------- ##

configure:2580: checking for a BSD-compatible install
configure:2648: result: /usr/bin/install -c
configure:2659: checking whether build environment is sane
configure:2714: result: yes
configure:2865: checking for a thread-safe mkdir -p
configure:2904: result: /bin/mkdir -p
configure:2911: checking for gawk
configure:2927: found /bin/gawk
configure:2938: result: gawk
configure:2949: checking whether make sets $(MAKE)
configure:2971: result: yes
configure:3000: checking whether make supports nested variables
configure:3017: result: yes
configure:3262: checking for gcc
configure:3278: found /usr/bin/gcc
configure:3289: result: gcc
configure:3518: checking for C compiler version
configure:3527: gcc --version >&5
gcc (GCC) 4.4.7 20120313 (Red Hat 4.4.7-11)
Copyright (C) 2010 Free Software Foundation, Inc.
This is free software; see the source for copying conditions.  There is NO
warranty; not even for MERCHANTABILITY or FITNESS FOR A PARTICULAR PURPOSE.

configure:3538: $? = 0
configure:3527: gcc -v >&5
Using built-in specs.
Target: x86_64-redhat-linux
Configured with: ../configure --prefix=/usr --mandir=/usr/share/man --infodir=/usr/share/info --with-bugurl=http://bugzilla.redhat.com/bugzilla --enable-bootstrap --enable-shared --enable-threads=posix --enable-checking=release --with-system-zlib --enable-__cxa_atexit --disable-libunwind-exceptions --enable-gnu-unique-object --enable-languages=c,c++,objc,obj-c++,java,fortran,ada --enable-java-awt=gtk --disable-dssi --with-java-home=/usr/lib/jvm/java-1.5.0-gcj-1.5.0.0/jre --enable-libgcj-multifile --enable-java-maintainer-mode --with-ecj-jar=/usr/share/java/eclipse-ecj.jar --disable-libjava-multilib --with-ppl --with-cloog --with-tune=generic --with-arch_32=i686 --build=x86_64-redhat-linux
Thread model: posix
gcc version 4.4.7 20120313 (Red Hat 4.4.7-11) (GCC) 
configure:3538: $? = 0
configure:3527: gcc -V >&5
gcc: '-V' option must have argument
configure:3538: $? = 1
configure:3527: gcc -qversion >&5
gcc: unrecognized option '-qversion'
gcc: no input files
configure:3538: $? = 1
configure:3558: checking whether the C compiler works
configure:3580: gcc    conftest.c  >&5
configure:3584: $? = 0
configure:3632: result: yes
configure:3635: checking for C compiler default output file name
configure:3637: result: a.out
configure:3643: checking for suffix of executables
configure:3650: gcc -o conftest    conftest.c  >&5
configure:3654: $? = 0
configure:3676: result: 
configure:3698: checking whether we are cross compiling
configure:3706: gcc -o conftest    conftest.c  >&5
configure:3710: $? = 0
configure:3717: ./conftest
configure:3721: $? = 0
configure:3736: result: no
configure:3741: checking for suffix of object files
configure:3763: gcc -c   conftest.c >&5
configure:3767: $? = 0
configure:3788: result: o
configure:3792: checking whether we are using the GNU C compiler
configure:3811: gcc -c   conftest.c >&5
configure:3811: $? = 0
configure:3820: result: yes
configure:3829: checking whether gcc accepts -g
configure:3849: gcc -c -g  conftest.c >&5
configure:3849: $? = 0
configure:3890: result: yes
configure:3907: checking for gcc option to accept ISO C89
configure:3970: gcc  -c -g -O2  conftest.c >&5
configure:3970: $? = 0
configure:3983: result: none needed
configure:4008: checking whether gcc understands -c and -o together
configure:4030: gcc -c conftest.c -o conftest2.o
configure:4033: $? = 0
configure:4030: gcc -c conftest.c -o conftest2.o
configure:4033: $? = 0
configure:4045: result: yes
configure:4073: checking for style of include used by make
configure:4101: result: GNU
configure:4127: checking dependency style of gcc
configure:4238: result: gcc3
configure:4314: checking for g++
configure:4330: found /usr/bin/g++
configure:4341: result: g++
configure:4368: checking for C++ compiler version
configure:4377: g++ --version >&5
g++ (GCC) 4.4.7 20120313 (Red Hat 4.4.7-11)
Copyright (C) 2010 Free Software Foundation, Inc.
This is free software; see the source for copying conditions.  There is NO
warranty; not even for MERCHANTABILITY or FITNESS FOR A PARTICULAR PURPOSE.

configure:4388: $? = 0
configure:4377: g++ -v >&5
Using built-in specs.
Target: x86_64-redhat-linux
Configured with: ../configure --prefix=/usr --mandir=/usr/share/man --infodir=/usr/share/info --with-bugurl=http://bugzilla.redhat.com/bugzilla --enable-bootstrap --enable-shared --enable-threads=posix --enable-checking=release --with-system-zlib --enable-__cxa_atexit --disable-libunwind-exceptions --enable-gnu-unique-object --enable-languages=c,c++,objc,obj-c++,java,fortran,ada --enable-java-awt=gtk --disable-dssi --with-java-home=/usr/lib/jvm/java-1.5.0-gcj-1.5.0.0/jre --enable-libgcj-multifile --enable-java-maintainer-mode --with-ecj-jar=/usr/share/java/eclipse-ecj.jar --disable-libjava-multilib --with-ppl --with-cloog --with-tune=generic --with-arch_32=i686 --build=x86_64-redhat-linux
Thread model: posix
gcc version 4.4.7 20120313 (Red Hat 4.4.7-11) (GCC) 
configure:4388: $? = 0
configure:4377: g++ -V >&5
g++: '-V' option must have argument
configure:4388: $? = 1
configure:4377: g++ -qversion >&5
g++: unrecognized option '-qversion'
g++: no input files
configure:4388: $? = 1
configure:4392: checking whether we are using the GNU C++ compiler
configure:4411: g++ -c   conftest.cpp >&5
configure:4411: $? = 0
configure:4420: result: yes
configure:4429: checking whether g++ accepts -g
configure:4449: g++ -c -g  conftest.cpp >&5
configure:4449: $? = 0
configure:4490: result: yes
configure:4515: checking dependency style of g++
configure:4626: result: gcc3
configure:4661: g++ -c -g -O2  conftest.cpp >&5
configure:4661: $? = 0
configure:4667: checking how to run the C++ preprocessor
configure:4694: g++ -E  conftest.cpp
configure:4694: $? = 0
configure:4708: g++ -E  conftest.cpp
conftest.cpp:11:28: error: ac_nonexistent.h: No such file or directory
configure:4708: $? = 1
configure: failed program was:
| /* confdefs.h */
| #define PACKAGE_NAME "igraph"
| #define PACKAGE_TARNAME "igraph"
| #define PACKAGE_VERSION "0.7.1"
| #define PACKAGE_STRING "igraph 0.7.1"
| #define PACKAGE_BUGREPORT "csardi.gabor@gmail.com"
| #define PACKAGE_URL ""
| #define PACKAGE "igraph"
| #define VERSION "0.7.1"
| /* end confdefs.h.  */
| #include <ac_nonexistent.h>
configure:4733: result: g++ -E
configure:4753: g++ -E  conftest.cpp
configure:4753: $? = 0
configure:4767: g++ -E  conftest.cpp
conftest.cpp:11:28: error: ac_nonexistent.h: No such file or directory
configure:4767: $? = 1
configure: failed program was:
| /* confdefs.h */
| #define PACKAGE_NAME "igraph"
| #define PACKAGE_TARNAME "igraph"
| #define PACKAGE_VERSION "0.7.1"
| #define PACKAGE_STRING "igraph 0.7.1"
| #define PACKAGE_BUGREPORT "csardi.gabor@gmail.com"
| #define PACKAGE_URL ""
| #define PACKAGE "igraph"
| #define VERSION "0.7.1"
| /* end confdefs.h.  */
| #include <ac_nonexistent.h>
configure:4812: checking for flex
configure:4842: result: no
configure:4812: checking for lex
configure:4842: result: no
configure:4974: checking for bison
configure:5004: result: no
configure:4974: checking for byacc
configure:5004: result: no
configure:5019: checking how to run the C preprocessor
configure:5050: gcc -E  conftest.c
configure:5050: $? = 0
configure:5064: gcc -E  conftest.c
conftest.c:11:28: error: ac_nonexistent.h: No such file or directory
configure:5064: $? = 1
configure: failed program was:
| /* confdefs.h */
| #define PACKAGE_NAME "igraph"
| #define PACKAGE_TARNAME "igraph"
| #define PACKAGE_VERSION "0.7.1"
| #define PACKAGE_STRING "igraph 0.7.1"
| #define PACKAGE_BUGREPORT "csardi.gabor@gmail.com"
| #define PACKAGE_URL ""
| #define PACKAGE "igraph"
| #define VERSION "0.7.1"
| /* end confdefs.h.  */
| #include <ac_nonexistent.h>
configure:5089: result: gcc -E
configure:5109: gcc -E  conftest.c
configure:5109: $? = 0
configure:5123: gcc -E  conftest.c
conftest.c:11:28: error: ac_nonexistent.h: No such file or directory
configure:5123: $? = 1
configure: failed program was:
| /* confdefs.h */
| #define PACKAGE_NAME "igraph"
| #define PACKAGE_TARNAME "igraph"
| #define PACKAGE_VERSION "0.7.1"
| #define PACKAGE_STRING "igraph 0.7.1"
| #define PACKAGE_BUGREPORT "csardi.gabor@gmail.com"
| #define PACKAGE_URL ""
| #define PACKAGE "igraph"
| #define VERSION "0.7.1"
| /* end confdefs.h.  */
| #include <ac_nonexistent.h>
configure:5152: checking for grep that handles long lines and -e
configure:5210: result: /bin/grep
configure:5215: checking for egrep
configure:5277: result: /bin/grep -E
configure:5282: checking for ANSI C header files
configure:5302: gcc -c -g -O2  conftest.c >&5
configure:5302: $? = 0
configure:5375: gcc -o conftest -g -O2   conftest.c  >&5
configure:5375: $? = 0
configure:5375: ./conftest
configure:5375: $? = 0
configure:5386: result: yes
configure:5399: checking for sys/types.h
configure:5399: gcc -c -g -O2  conftest.c >&5
configure:5399: $? = 0
configure:5399: result: yes
configure:5399: checking for sys/stat.h
configure:5399: gcc -c -g -O2  conftest.c >&5
configure:5399: $? = 0
configure:5399: result: yes
configure:5399: checking for stdlib.h
configure:5399: gcc -c -g -O2  conftest.c >&5
configure:5399: $? = 0
configure:5399: result: yes
configure:5399: checking for string.h
configure:5399: gcc -c -g -O2  conftest.c >&5
configure:5399: $? = 0
configure:5399: result: yes
configure:5399: checking for memory.h
configure:5399: gcc -c -g -O2  conftest.c >&5
configure:5399: $? = 0
configure:5399: result: yes
configure:5399: checking for strings.h
configure:5399: gcc -c -g -O2  conftest.c >&5
configure:5399: $? = 0
configure:5399: result: yes
configure:5399: checking for inttypes.h
configure:5399: gcc -c -g -O2  conftest.c >&5
configure:5399: $? = 0
configure:5399: result: yes
configure:5399: checking for stdint.h
configure:5399: gcc -c -g -O2  conftest.c >&5
configure:5399: $? = 0
configure:5399: result: yes
configure:5399: checking for unistd.h
configure:5399: gcc -c -g -O2  conftest.c >&5
configure:5399: $? = 0
configure:5399: result: yes
configure:5411: checking sys/times.h usability
configure:5411: gcc -c -g -O2  conftest.c >&5
configure:5411: $? = 0
configure:5411: result: yes
configure:5411: checking sys/times.h presence
configure:5411: gcc -E  conftest.c
configure:5411: $? = 0
configure:5411: result: yes
configure:5411: checking for sys/times.h
configure:5411: result: yes
configure:5424: checking build system type
configure:5438: result: x86_64-unknown-linux-gnu
configure:5458: checking host system type
configure:5471: result: x86_64-unknown-linux-gnu
configure:5844: checking how to print strings
configure:5871: result: printf
configure:5892: checking for a sed that does not truncate output
configure:5956: result: /bin/sed
configure:5974: checking for fgrep
configure:6036: result: /bin/grep -F
configure:6071: checking for ld used by gcc
configure:6138: result: /usr/bin/ld
configure:6145: checking if the linker (/usr/bin/ld) is GNU ld
configure:6160: result: yes
configure:6172: checking for BSD- or MS-compatible name lister (nm)
configure:6221: result: /usr/bin/nm -B
configure:6351: checking the name lister (/usr/bin/nm -B) interface
configure:6358: gcc -c -g -O2  conftest.c >&5
configure:6361: /usr/bin/nm -B "conftest.o"
configure:6364: output
0000000000000000 B some_variable
configure:6371: result: BSD nm
configure:6374: checking whether ln -s works
configure:6378: result: yes
configure:6386: checking the maximum length of command line arguments
configure:6516: result: 1966080
configure:6533: checking whether the shell understands some XSI constructs
configure:6543: result: yes
configure:6547: checking whether the shell understands "+="
configure:6553: result: yes
configure:6588: checking how to convert x86_64-unknown-linux-gnu file names to x86_64-unknown-linux-gnu format
configure:6628: result: func_convert_file_noop
configure:6635: checking how to convert x86_64-unknown-linux-gnu file names to toolchain format
configure:6655: result: func_convert_file_noop
configure:6662: checking for /usr/bin/ld option to reload object files
configure:6669: result: -r
configure:6743: checking for objdump
configure:6770: result: objdump
configure:6799: checking how to recognize dependent libraries
configure:7001: result: pass_all
configure:7086: checking for dlltool
configure:7113: result: dlltool
configure:7143: checking how to associate runtime and link libraries
configure:7170: result: printf %s\n
configure:7230: checking for ar
configure:7246: found /usr/bin/ar
configure:7257: result: ar
configure:7294: checking for archiver @FILE support
configure:7311: gcc -c -g -O2  conftest.c >&5
configure:7311: $? = 0
configure:7314: ar cru libconftest.a @conftest.lst >&5
configure:7317: $? = 0
configure:7322: ar cru libconftest.a @conftest.lst >&5
ar: conftest.o: No such file or directory
configure:7325: $? = 1
configure:7337: result: @
configure:7395: checking for strip
configure:7411: found /usr/bin/strip
configure:7422: result: strip
configure:7494: checking for ranlib
configure:7510: found /usr/bin/ranlib
configure:7521: result: ranlib
configure:7623: checking command to parse /usr/bin/nm -B output from gcc object
configure:7743: gcc -c -g -O2  conftest.c >&5
configure:7746: $? = 0
configure:7750: /usr/bin/nm -B conftest.o \| sed -n -e 's/^.*[ ]\([ABCDGIRSTW][ABCDGIRSTW]*\)[ ][ ]*\([_A-Za-z][_A-Za-z0-9]*\)$/\1 \2 \2/p' | sed '/ __gnu_lto/d' \> conftest.nm
configure:7753: $? = 0
configure:7819: gcc -o conftest -g -O2   conftest.c conftstm.o >&5
configure:7822: $? = 0
configure:7860: result: ok
configure:7897: checking for sysroot
configure:7927: result: no
configure:8004: gcc -c -g -O2  conftest.c >&5
configure:8007: $? = 0
configure:8183: checking for mt
configure:8213: result: no
configure:8233: checking if : is a manifest tool
configure:8239: : '-?'
configure:8247: result: no
configure:8886: checking for dlfcn.h
configure:8886: gcc -c -g -O2  conftest.c >&5
configure:8886: $? = 0
configure:8886: result: yes
configure:9098: checking for objdir
configure:9113: result: .libs
configure:9380: checking if gcc supports -fno-rtti -fno-exceptions
configure:9398: gcc -c -g -O2  -fno-rtti -fno-exceptions conftest.c >&5
cc1: warning: command line option "-fno-rtti" is valid for C++/ObjC++ but not for C
configure:9402: $? = 0
configure:9415: result: no
configure:9742: checking for gcc option to produce PIC
configure:9749: result: -fPIC -DPIC
configure:9757: checking if gcc PIC flag -fPIC -DPIC works
configure:9775: gcc -c -g -O2  -fPIC -DPIC -DPIC conftest.c >&5
configure:9779: $? = 0
configure:9792: result: yes
configure:9821: checking if gcc static flag -static works
configure:9849: result: no
configure:9864: checking if gcc supports -c -o file.o
configure:9885: gcc -c -g -O2  -o out/conftest2.o conftest.c >&5
configure:9889: $? = 0
configure:9911: result: yes
configure:9919: checking if gcc supports -c -o file.o
configure:9966: result: yes
configure:9999: checking whether the gcc linker (/usr/bin/ld -m elf_x86_64) supports shared libraries
configure:11152: result: yes
configure:11189: checking whether -lc should be explicitly linked in
configure:11197: gcc -c -g -O2  conftest.c >&5
configure:11200: $? = 0
configure:11215: gcc -shared  -fPIC -DPIC conftest.o  -v -Wl,-soname -Wl,conftest -o conftest 2\>\&1 \| /bin/grep  -lc  \>/dev/null 2\>\&1
configure:11218: $? = 0
configure:11232: result: no
configure:11392: checking dynamic linker characteristics
configure:11903: gcc -o conftest -g -O2   -Wl,-rpath -Wl,/foo conftest.c  >&5
configure:11903: $? = 0
configure:12125: result: GNU/Linux ld.so
configure:12232: checking how to hardcode library paths into programs
configure:12257: result: immediate
configure:12351: checking for shl_load
configure:12351: gcc -o conftest -g -O2   conftest.c  >&5
/tmp/ccgWouVh.o: In function `main':
/home/houghton/tools/igraph-0.7.1/conftest.c:58: undefined reference to `shl_load'
collect2: ld returned 1 exit status
configure:12351: $? = 1
configure: failed program was:
| /* confdefs.h */
| #define PACKAGE_NAME "igraph"
| #define PACKAGE_TARNAME "igraph"
| #define PACKAGE_VERSION "0.7.1"
| #define PACKAGE_STRING "igraph 0.7.1"
| #define PACKAGE_BUGREPORT "csardi.gabor@gmail.com"
| #define PACKAGE_URL ""
| #define PACKAGE "igraph"
| #define VERSION "0.7.1"
| #define STDC_HEADERS 1
| #define HAVE_SYS_TYPES_H 1
| #define HAVE_SYS_STAT_H 1
| #define HAVE_STDLIB_H 1
| #define HAVE_STRING_H 1
| #define HAVE_MEMORY_H 1
| #define HAVE_STRINGS_H 1
| #define HAVE_INTTYPES_H 1
| #define HAVE_STDINT_H 1
| #define HAVE_UNISTD_H 1
| #define HAVE_TIMES_H 1
| #define HAVE_DLFCN_H 1
| #define LT_OBJDIR ".libs/"
| /* end confdefs.h.  */
| /* Define shl_load to an innocuous variant, in case <limits.h> declares shl_load.
|    For example, HP-UX 11i <limits.h> declares gettimeofday.  */
| #define shl_load innocuous_shl_load
| 
| /* System header to define __stub macros and hopefully few prototypes,
|     which can conflict with char shl_load (); below.
|     Prefer <limits.h> to <assert.h> if __STDC__ is defined, since
|     <limits.h> exists even on freestanding compilers.  */
| 
| #ifdef __STDC__
| # include <limits.h>
| #else
| # include <assert.h>
| #endif
| 
| #undef shl_load
| 
| /* Override any GCC internal prototype to avoid an error.
|    Use char because int might match the return type of a GCC
|    builtin and then its argument prototype would still apply.  */
| #ifdef __cplusplus
| extern "C"
| #endif
| char shl_load ();
| /* The GNU C library defines this for functions which it implements
|     to always fail with ENOSYS.  Some functions are actually named
|     something starting with __ and the normal name is an alias.  */
| #if defined __stub_shl_load || defined __stub___shl_load
| choke me
| #endif
| 
| int
| main ()
| {
| return shl_load ();
|   ;
|   return 0;
| }
configure:12351: result: no
configure:12355: checking for shl_load in -ldld
configure:12380: gcc -o conftest -g -O2   conftest.c -ldld   >&5
/usr/bin/ld: cannot find -ldld
collect2: ld returned 1 exit status
configure:12380: $? = 1
configure: failed program was:
| /* confdefs.h */
| #define PACKAGE_NAME "igraph"
| #define PACKAGE_TARNAME "igraph"
| #define PACKAGE_VERSION "0.7.1"
| #define PACKAGE_STRING "igraph 0.7.1"
| #define PACKAGE_BUGREPORT "csardi.gabor@gmail.com"
| #define PACKAGE_URL ""
| #define PACKAGE "igraph"
| #define VERSION "0.7.1"
| #define STDC_HEADERS 1
| #define HAVE_SYS_TYPES_H 1
| #define HAVE_SYS_STAT_H 1
| #define HAVE_STDLIB_H 1
| #define HAVE_STRING_H 1
| #define HAVE_MEMORY_H 1
| #define HAVE_STRINGS_H 1
| #define HAVE_INTTYPES_H 1
| #define HAVE_STDINT_H 1
| #define HAVE_UNISTD_H 1
| #define HAVE_TIMES_H 1
| #define HAVE_DLFCN_H 1
| #define LT_OBJDIR ".libs/"
| /* end confdefs.h.  */
| 
| /* Override any GCC internal prototype to avoid an error.
|    Use char because int might match the return type of a GCC
|    builtin and then its argument prototype would still apply.  */
| #ifdef __cplusplus
| extern "C"
| #endif
| char shl_load ();
| int
| main ()
| {
| return shl_load ();
|   ;
|   return 0;
| }
configure:12389: result: no
configure:12394: checking for dlopen
configure:12394: gcc -o conftest -g -O2   conftest.c  >&5
/tmp/ccBYui7n.o: In function `main':
/home/houghton/tools/igraph-0.7.1/conftest.c:58: undefined reference to `dlopen'
collect2: ld returned 1 exit status
configure:12394: $? = 1
configure: failed program was:
| /* confdefs.h */
| #define PACKAGE_NAME "igraph"
| #define PACKAGE_TARNAME "igraph"
| #define PACKAGE_VERSION "0.7.1"
| #define PACKAGE_STRING "igraph 0.7.1"
| #define PACKAGE_BUGREPORT "csardi.gabor@gmail.com"
| #define PACKAGE_URL ""
| #define PACKAGE "igraph"
| #define VERSION "0.7.1"
| #define STDC_HEADERS 1
| #define HAVE_SYS_TYPES_H 1
| #define HAVE_SYS_STAT_H 1
| #define HAVE_STDLIB_H 1
| #define HAVE_STRING_H 1
| #define HAVE_MEMORY_H 1
| #define HAVE_STRINGS_H 1
| #define HAVE_INTTYPES_H 1
| #define HAVE_STDINT_H 1
| #define HAVE_UNISTD_H 1
| #define HAVE_TIMES_H 1
| #define HAVE_DLFCN_H 1
| #define LT_OBJDIR ".libs/"
| /* end confdefs.h.  */
| /* Define dlopen to an innocuous variant, in case <limits.h> declares dlopen.
|    For example, HP-UX 11i <limits.h> declares gettimeofday.  */
| #define dlopen innocuous_dlopen
| 
| /* System header to define __stub macros and hopefully few prototypes,
|     which can conflict with char dlopen (); below.
|     Prefer <limits.h> to <assert.h> if __STDC__ is defined, since
|     <limits.h> exists even on freestanding compilers.  */
| 
| #ifdef __STDC__
| # include <limits.h>
| #else
| # include <assert.h>
| #endif
| 
| #undef dlopen
| 
| /* Override any GCC internal prototype to avoid an error.
|    Use char because int might match the return type of a GCC
|    builtin and then its argument prototype would still apply.  */
| #ifdef __cplusplus
| extern "C"
| #endif
| char dlopen ();
| /* The GNU C library defines this for functions which it implements
|     to always fail with ENOSYS.  Some functions are actually named
|     something starting with __ and the normal name is an alias.  */
| #if defined __stub_dlopen || defined __stub___dlopen
| choke me
| #endif
| 
| int
| main ()
| {
| return dlopen ();
|   ;
|   return 0;
| }
configure:12394: result: no
configure:12398: checking for dlopen in -ldl
configure:12423: gcc -o conftest -g -O2   conftest.c -ldl   >&5
configure:12423: $? = 0
configure:12432: result: yes
configure:12551: checking whether a program can dlopen itself
configure:12631: gcc -o conftest -g -O2  -DHAVE_DLFCN_H  -Wl,--export-dynamic conftest.c -ldl  >&5
configure:12634: $? = 0
configure:12652: result: yes
configure:12657: checking whether a statically linked program can dlopen itself
configure:12737: gcc -o conftest -g -O2  -DHAVE_DLFCN_H  -Wl,--export-dynamic  conftest.c -ldl  >&5
configure:12740: $? = 0
configure:12758: result: yes
configure:12797: checking whether stripping libraries is possible
configure:12802: result: yes
configure:12837: checking if libtool supports shared libraries
configure:12839: result: yes
configure:12842: checking whether to build shared libraries
configure:12863: result: yes
configure:12866: checking whether to build static libraries
configure:12870: result: yes
configure:12893: checking how to run the C++ preprocessor
configure:12959: result: g++ -E
configure:12979: g++ -E  conftest.cpp
configure:12979: $? = 0
configure:12993: g++ -E  conftest.cpp
conftest.cpp:24:28: error: ac_nonexistent.h: No such file or directory
configure:12993: $? = 1
configure: failed program was:
| /* confdefs.h */
| #define PACKAGE_NAME "igraph"
| #define PACKAGE_TARNAME "igraph"
| #define PACKAGE_VERSION "0.7.1"
| #define PACKAGE_STRING "igraph 0.7.1"
| #define PACKAGE_BUGREPORT "csardi.gabor@gmail.com"
| #define PACKAGE_URL ""
| #define PACKAGE "igraph"
| #define VERSION "0.7.1"
| #define STDC_HEADERS 1
| #define HAVE_SYS_TYPES_H 1
| #define HAVE_SYS_STAT_H 1
| #define HAVE_STDLIB_H 1
| #define HAVE_STRING_H 1
| #define HAVE_MEMORY_H 1
| #define HAVE_STRINGS_H 1
| #define HAVE_INTTYPES_H 1
| #define HAVE_STDINT_H 1
| #define HAVE_UNISTD_H 1
| #define HAVE_TIMES_H 1
| #define HAVE_DLFCN_H 1
| #define LT_OBJDIR ".libs/"
| /* end confdefs.h.  */
| #include <ac_nonexistent.h>
configure:13162: checking for ld used by g++
configure:13229: result: /usr/bin/ld -m elf_x86_64
configure:13236: checking if the linker (/usr/bin/ld -m elf_x86_64) is GNU ld
configure:13251: result: yes
configure:13306: checking whether the g++ linker (/usr/bin/ld -m elf_x86_64) supports shared libraries
configure:14311: result: yes
configure:14347: g++ -c -g -O2  conftest.cpp >&5
configure:14350: $? = 0
configure:14870: checking for g++ option to produce PIC
configure:14877: result: -fPIC -DPIC
configure:14885: checking if g++ PIC flag -fPIC -DPIC works
configure:14903: g++ -c -g -O2  -fPIC -DPIC -DPIC conftest.cpp >&5
configure:14907: $? = 0
configure:14920: result: yes
configure:14943: checking if g++ static flag -static works
configure:14971: result: no
configure:14983: checking if g++ supports -c -o file.o
configure:15004: g++ -c -g -O2  -o out/conftest2.o conftest.cpp >&5
configure:15008: $? = 0
configure:15030: result: yes
configure:15035: checking if g++ supports -c -o file.o
configure:15082: result: yes
configure:15112: checking whether the g++ linker (/usr/bin/ld -m elf_x86_64) supports shared libraries
configure:15148: result: yes
configure:15289: checking dynamic linker characteristics
configure:15956: result: GNU/Linux ld.so
configure:16009: checking how to hardcode library paths into programs
configure:16034: result: immediate
configure:16099: checking for ANSI C header files
configure:16203: result: yes
configure:16214: checking stdarg.h usability
configure:16214: gcc -c -g -O2  conftest.c >&5
configure:16214: $? = 0
configure:16214: result: yes
configure:16214: checking stdarg.h presence
configure:16214: gcc -E  conftest.c
configure:16214: $? = 0
configure:16214: result: yes
configure:16214: checking for stdarg.h
configure:16214: result: yes
configure:16214: checking for stdlib.h
configure:16214: result: yes
configure:16214: checking for string.h
configure:16214: result: yes
configure:16214: checking time.h usability
configure:16214: gcc -c -g -O2  conftest.c >&5
configure:16214: $? = 0
configure:16214: result: yes
configure:16214: checking time.h presence
configure:16214: gcc -E  conftest.c
configure:16214: $? = 0
configure:16214: result: yes
configure:16214: checking for time.h
configure:16214: result: yes
configure:16214: checking for unistd.h
configure:16214: result: yes
configure:16214: checking for stdint.h
configure:16214: result: yes
configure:16214: checking sys/int_types.h usability
configure:16214: gcc -c -g -O2  conftest.c >&5
conftest.c:64:27: error: sys/int_types.h: No such file or directory
configure:16214: $? = 1
configure: failed program was:
| /* confdefs.h */
| #define PACKAGE_NAME "igraph"
| #define PACKAGE_TARNAME "igraph"
| #define PACKAGE_VERSION "0.7.1"
| #define PACKAGE_STRING "igraph 0.7.1"
| #define PACKAGE_BUGREPORT "csardi.gabor@gmail.com"
| #define PACKAGE_URL ""
| #define PACKAGE "igraph"
| #define VERSION "0.7.1"
| #define STDC_HEADERS 1
| #define HAVE_SYS_TYPES_H 1
| #define HAVE_SYS_STAT_H 1
| #define HAVE_STDLIB_H 1
| #define HAVE_STRING_H 1
| #define HAVE_MEMORY_H 1
| #define HAVE_STRINGS_H 1
| #define HAVE_INTTYPES_H 1
| #define HAVE_STDINT_H 1
| #define HAVE_UNISTD_H 1
| #define HAVE_TIMES_H 1
| #define HAVE_DLFCN_H 1
| #define LT_OBJDIR ".libs/"
| #define STDC_HEADERS 1
| #define HAVE_STDARG_H 1
| #define HAVE_STDLIB_H 1
| #define HAVE_STRING_H 1
| #define HAVE_TIME_H 1
| #define HAVE_UNISTD_H 1
| #define HAVE_STDINT_H 1
| /* end confdefs.h.  */
| #include <stdio.h>
| #ifdef HAVE_SYS_TYPES_H
| # include <sys/types.h>
| #endif
| #ifdef HAVE_SYS_STAT_H
| # include <sys/stat.h>
| #endif
| #ifdef STDC_HEADERS
| # include <stdlib.h>
| # include <stddef.h>
| #else
| # ifdef HAVE_STDLIB_H
| #  include <stdlib.h>
| # endif
| #endif
| #ifdef HAVE_STRING_H
| # if !defined STDC_HEADERS && defined HAVE_MEMORY_H
| #  include <memory.h>
| # endif
| # include <string.h>
| #endif
| #ifdef HAVE_STRINGS_H
| # include <strings.h>
| #endif
| #ifdef HAVE_INTTYPES_H
| # include <inttypes.h>
| #endif
| #ifdef HAVE_STDINT_H
| # include <stdint.h>
| #endif
| #ifdef HAVE_UNISTD_H
| # include <unistd.h>
| #endif
| #include <sys/int_types.h>
configure:16214: result: no
configure:16214: checking sys/int_types.h presence
configure:16214: gcc -E  conftest.c
conftest.c:31:27: error: sys/int_types.h: No such file or directory
configure:16214: $? = 1
configure: failed program was:
| /* confdefs.h */
| #define PACKAGE_NAME "igraph"
| #define PACKAGE_TARNAME "igraph"
| #define PACKAGE_VERSION "0.7.1"
| #define PACKAGE_STRING "igraph 0.7.1"
| #define PACKAGE_BUGREPORT "csardi.gabor@gmail.com"
| #define PACKAGE_URL ""
| #define PACKAGE "igraph"
| #define VERSION "0.7.1"
| #define STDC_HEADERS 1
| #define HAVE_SYS_TYPES_H 1
| #define HAVE_SYS_STAT_H 1
| #define HAVE_STDLIB_H 1
| #define HAVE_STRING_H 1
| #define HAVE_MEMORY_H 1
| #define HAVE_STRINGS_H 1
| #define HAVE_INTTYPES_H 1
| #define HAVE_STDINT_H 1
| #define HAVE_UNISTD_H 1
| #define HAVE_TIMES_H 1
| #define HAVE_DLFCN_H 1
| #define LT_OBJDIR ".libs/"
| #define STDC_HEADERS 1
| #define HAVE_STDARG_H 1
| #define HAVE_STDLIB_H 1
| #define HAVE_STRING_H 1
| #define HAVE_TIME_H 1
| #define HAVE_UNISTD_H 1
| #define HAVE_STDINT_H 1
| /* end confdefs.h.  */
| #include <sys/int_types.h>
configure:16214: result: no
configure:16214: checking for sys/int_types.h
configure:16214: result: no
configure:16229: checking for expm1
configure:16229: gcc -o conftest -g -O2   conftest.c  -lm >&5
conftest.c:54: warning: conflicting types for built-in function 'expm1'
configure:16229: $? = 0
configure:16229: result: yes
configure:16229: checking for rint
configure:16229: gcc -o conftest -g -O2   conftest.c  -lm >&5
conftest.c:55: warning: conflicting types for built-in function 'rint'
configure:16229: $? = 0
configure:16229: result: yes
configure:16229: checking for rintf
configure:16229: gcc -o conftest -g -O2   conftest.c  -lm >&5
conftest.c:56: warning: conflicting types for built-in function 'rintf'
configure:16229: $? = 0
configure:16229: result: yes
configure:16229: checking for finite
configure:16229: gcc -o conftest -g -O2   conftest.c  -lm >&5
conftest.c:57: warning: conflicting types for built-in function 'finite'
configure:16229: $? = 0
configure:16229: result: yes
configure:16229: checking for log2
configure:16229: gcc -o conftest -g -O2   conftest.c  -lm >&5
conftest.c:58: warning: conflicting types for built-in function 'log2'
configure:16229: $? = 0
configure:16229: result: yes
configure:16229: checking for snprintf
configure:16229: gcc -o conftest -g -O2   conftest.c  -lm >&5
conftest.c:59: warning: conflicting types for built-in function 'snprintf'
configure:16229: $? = 0
configure:16229: result: yes
configure:16229: checking for log1p
configure:16229: gcc -o conftest -g -O2   conftest.c  -lm >&5
conftest.c:60: warning: conflicting types for built-in function 'log1p'
configure:16229: $? = 0
configure:16229: result: yes
configure:16229: checking for round
configure:16229: gcc -o conftest -g -O2   conftest.c  -lm >&5
conftest.c:61: warning: conflicting types for built-in function 'round'
configure:16229: $? = 0
configure:16229: result: yes
configure:16229: checking for fabsl
configure:16229: gcc -o conftest -g -O2   conftest.c  -lm >&5
conftest.c:62: warning: conflicting types for built-in function 'fabsl'
configure:16229: $? = 0
configure:16229: result: yes
configure:16229: checking for fmin
configure:16229: gcc -o conftest -g -O2   conftest.c  -lm >&5
conftest.c:63: warning: conflicting types for built-in function 'fmin'
configure:16229: $? = 0
configure:16229: result: yes
configure:16229: checking for strcasecmp
configure:16229: gcc -o conftest -g -O2   conftest.c  -lm >&5
conftest.c:64: warning: conflicting types for built-in function 'strcasecmp'
configure:16229: $? = 0
configure:16229: result: yes
configure:16229: checking for isnan
configure:16229: gcc -o conftest -g -O2   conftest.c  -lm >&5
conftest.c:65: warning: conflicting types for built-in function 'isnan'
configure:16229: $? = 0
configure:16229: result: yes
configure:16229: checking for strdup
configure:16229: gcc -o conftest -g -O2   conftest.c  -lm >&5
conftest.c:66: warning: conflicting types for built-in function 'strdup'
configure:16229: $? = 0
configure:16229: result: yes
configure:16229: checking for _strdup
configure:16229: gcc -o conftest -g -O2   conftest.c  -lm >&5
/tmp/cc1cCiqp.o: In function `main':
/home/houghton/tools/igraph-0.7.1/conftest.c:78: undefined reference to `_strdup'
collect2: ld returned 1 exit status
configure:16229: $? = 1
configure: failed program was:
| /* confdefs.h */
| #define PACKAGE_NAME "igraph"
| #define PACKAGE_TARNAME "igraph"
| #define PACKAGE_VERSION "0.7.1"
| #define PACKAGE_STRING "igraph 0.7.1"
| #define PACKAGE_BUGREPORT "csardi.gabor@gmail.com"
| #define PACKAGE_URL ""
| #define PACKAGE "igraph"
| #define VERSION "0.7.1"
| #define STDC_HEADERS 1
| #define HAVE_SYS_TYPES_H 1
| #define HAVE_SYS_STAT_H 1
| #define HAVE_STDLIB_H 1
| #define HAVE_STRING_H 1
| #define HAVE_MEMORY_H 1
| #define HAVE_STRINGS_H 1
| #define HAVE_INTTYPES_H 1
| #define HAVE_STDINT_H 1
| #define HAVE_UNISTD_H 1
| #define HAVE_TIMES_H 1
| #define HAVE_DLFCN_H 1
| #define LT_OBJDIR ".libs/"
| #define STDC_HEADERS 1
| #define HAVE_STDARG_H 1
| #define HAVE_STDLIB_H 1
| #define HAVE_STRING_H 1
| #define HAVE_TIME_H 1
| #define HAVE_UNISTD_H 1
| #define HAVE_STDINT_H 1
| #define HAVE_EXPM1 1
| #define HAVE_RINT 1
| #define HAVE_RINTF 1
| #define HAVE_FINITE 1
| #define HAVE_LOG2 1
| #define HAVE_SNPRINTF 1
| #define HAVE_LOG1P 1
| #define HAVE_ROUND 1
| #define HAVE_FABSL 1
| #define HAVE_FMIN 1
| #define HAVE_STRCASECMP 1
| #define HAVE_ISNAN 1
| #define HAVE_STRDUP 1
| /* end confdefs.h.  */
| /* Define _strdup to an innocuous variant, in case <limits.h> declares _strdup.
|    For example, HP-UX 11i <limits.h> declares gettimeofday.  */
| #define _strdup innocuous__strdup
| 
| /* System header to define __stub macros and hopefully few prototypes,
|     which can conflict with char _strdup (); below.
|     Prefer <limits.h> to <assert.h> if __STDC__ is defined, since
|     <limits.h> exists even on freestanding compilers.  */
| 
| #ifdef __STDC__
| # include <limits.h>
| #else
| # include <assert.h>
| #endif
| 
| #undef _strdup
| 
| /* Override any GCC internal prototype to avoid an error.
|    Use char because int might match the return type of a GCC
|    builtin and then its argument prototype would still apply.  */
| #ifdef __cplusplus
| extern "C"
| #endif
| char _strdup ();
| /* The GNU C library defines this for functions which it implements
|     to always fail with ENOSYS.  Some functions are actually named
|     something starting with __ and the normal name is an alias.  */
| #if defined __stub__strdup || defined __stub____strdup
| choke me
| #endif
| 
| int
| main ()
| {
| return _strdup ();
|   ;
|   return 0;
| }
configure:16229: result: no
configure:16229: checking for ftruncate
configure:16229: gcc -o conftest -g -O2   conftest.c  -lm >&5
configure:16229: $? = 0
configure:16229: result: yes
configure:16229: checking for stpcpy
configure:16229: gcc -o conftest -g -O2   conftest.c  -lm >&5
conftest.c:68: warning: conflicting types for built-in function 'stpcpy'
configure:16229: $? = 0
configure:16229: result: yes
configure:16238: checking whether stpcpy is declared
configure:16238: gcc -c -g -O2  conftest.c >&5
configure:16238: $? = 0
configure:16238: result: yes
configure:16253: checking whether compiler supports -ffloat-store
configure:16268: gcc -c -g -O2 -ffloat-store  conftest.c >&5
configure:16268: $? = 0
configure:16269: result: yes
configure:16279: checking whether compiler supports -fstore
configure:16294: gcc -c -g -O2 -fstore  conftest.c >&5
cc1: error: unrecognized command line option "-fstore"
configure:16294: $? = 1
configure: failed program was:
| /* confdefs.h */
| #define PACKAGE_NAME "igraph"
| #define PACKAGE_TARNAME "igraph"
| #define PACKAGE_VERSION "0.7.1"
| #define PACKAGE_STRING "igraph 0.7.1"
| #define PACKAGE_BUGREPORT "csardi.gabor@gmail.com"
| #define PACKAGE_URL ""
| #define PACKAGE "igraph"
| #define VERSION "0.7.1"
| #define STDC_HEADERS 1
| #define HAVE_SYS_TYPES_H 1
| #define HAVE_SYS_STAT_H 1
| #define HAVE_STDLIB_H 1
| #define HAVE_STRING_H 1
| #define HAVE_MEMORY_H 1
| #define HAVE_STRINGS_H 1
| #define HAVE_INTTYPES_H 1
| #define HAVE_STDINT_H 1
| #define HAVE_UNISTD_H 1
| #define HAVE_TIMES_H 1
| #define HAVE_DLFCN_H 1
| #define LT_OBJDIR ".libs/"
| #define STDC_HEADERS 1
| #define HAVE_STDARG_H 1
| #define HAVE_STDLIB_H 1
| #define HAVE_STRING_H 1
| #define HAVE_TIME_H 1
| #define HAVE_UNISTD_H 1
| #define HAVE_STDINT_H 1
| #define HAVE_EXPM1 1
| #define HAVE_RINT 1
| #define HAVE_RINTF 1
| #define HAVE_FINITE 1
| #define HAVE_LOG2 1
| #define HAVE_SNPRINTF 1
| #define HAVE_LOG1P 1
| #define HAVE_ROUND 1
| #define HAVE_FABSL 1
| #define HAVE_FMIN 1
| #define HAVE_STRCASECMP 1
| #define HAVE_ISNAN 1
| #define HAVE_STRDUP 1
| #define HAVE_FTRUNCATE 1
| #define HAVE_STPCPY 1
| #define HAVE_STPCPY_SIGNATURE 1
| /* end confdefs.h.  */
| 
| int
| main ()
| {
| int x;
|   ;
|   return 0;
| }
configure:16299: result: no
configure:16661: checking whether compiler accepts -Wall
configure:16677: gcc -c -g -O2 -Wall  conftest.c >&5
conftest.c: In function 'main':
conftest.c:51: warning: unused variable 'x'
configure:16677: $? = 0
configure:16679: result: yes
configure:16718: checking for xml2-config
configure:16736: found /usr/bin/xml2-config
configure:16749: result: /usr/bin/xml2-config
configure:16766: checking for xmlSAXUserParseFile in -lxml2
configure:16791: gcc -o conftest -g -O2   conftest.c -lxml2   >&5
configure:16791: $? = 0
configure:16800: result: yes
configure:16808: checking libxml/parser.h usability
configure:16808: gcc -c -I/usr/include/libxml2 -I/usr/include/libxml2 conftest.c >&5
configure:16808: $? = 0
configure:16808: result: yes
configure:16808: checking libxml/parser.h presence
configure:16808: gcc -E -I/usr/include/libxml2 conftest.c
configure:16808: $? = 0
configure:16808: result: yes
configure:16808: checking for libxml/parser.h
configure:16808: result: yes
configure:16852: checking for __gmpz_add in -lgmp
configure:16877: g++ -o conftest -g -O2 -g -O2 -I/usr/include/libxml2  conftest.cpp -lgmp   >&5
/usr/bin/ld: cannot find -lgmp
collect2: ld returned 1 exit status
configure:16877: $? = 1
configure: failed program was:
| /* confdefs.h */
| #define PACKAGE_NAME "igraph"
| #define PACKAGE_TARNAME "igraph"
| #define PACKAGE_VERSION "0.7.1"
| #define PACKAGE_STRING "igraph 0.7.1"
| #define PACKAGE_BUGREPORT "csardi.gabor@gmail.com"
| #define PACKAGE_URL ""
| #define PACKAGE "igraph"
| #define VERSION "0.7.1"
| #define STDC_HEADERS 1
| #define HAVE_SYS_TYPES_H 1
| #define HAVE_SYS_STAT_H 1
| #define HAVE_STDLIB_H 1
| #define HAVE_STRING_H 1
| #define HAVE_MEMORY_H 1
| #define HAVE_STRINGS_H 1
| #define HAVE_INTTYPES_H 1
| #define HAVE_STDINT_H 1
| #define HAVE_UNISTD_H 1
| #define HAVE_TIMES_H 1
| #define HAVE_DLFCN_H 1
| #define LT_OBJDIR ".libs/"
| #define STDC_HEADERS 1
| #define HAVE_STDARG_H 1
| #define HAVE_STDLIB_H 1
| #define HAVE_STRING_H 1
| #define HAVE_TIME_H 1
| #define HAVE_UNISTD_H 1
| #define HAVE_STDINT_H 1
| #define HAVE_EXPM1 1
| #define HAVE_RINT 1
| #define HAVE_RINTF 1
| #define HAVE_FINITE 1
| #define HAVE_LOG2 1
| #define HAVE_SNPRINTF 1
| #define HAVE_LOG1P 1
| #define HAVE_ROUND 1
| #define HAVE_FABSL 1
| #define HAVE_FMIN 1
| #define HAVE_STRCASECMP 1
| #define HAVE_ISNAN 1
| #define HAVE_STRDUP 1
| #define HAVE_FTRUNCATE 1
| #define HAVE_STPCPY 1
| #define HAVE_STPCPY_SIGNATURE 1
| #define HAVE_LIBXML 1
| /* end confdefs.h.  */
| 
| /* Override any GCC internal prototype to avoid an error.
|    Use char because int might match the return type of a GCC
|    builtin and then its argument prototype would still apply.  */
| #ifdef __cplusplus
| extern "C"
| #endif
| char __gmpz_add ();
| int
| main ()
| {
| return __gmpz_add ();
|   ;
|   return 0;
| }
configure:16886: result: no
configure:16936: g++ -c -g -O2 -g -O2 -I/usr/include/libxml2 conftest.cpp >&5
configure:16936: $? = 0
configure:16951: g++ -c -g -O2 -g -O2 -I/usr/include/libxml2 conftest.cpp >&5
configure:16951: $? = 0
configure:16957: checking for thread local storage (TLS) class
configure:16997: result: __thread
configure:18111: checking that generated files are newer than configure
configure:18117: result: done
configure:18164: creating ./config.status

## ---------------------- ##
## Running config.status. ##
## ---------------------- ##

This file was extended by igraph config.status 0.7.1, which was
generated by GNU Autoconf 2.69.  Invocation command line was

  CONFIG_FILES    = 
  CONFIG_HEADERS  = 
  CONFIG_LINKS    = 
  CONFIG_COMMANDS = 
  $ ./config.status 

on marketdepth.mit.edu

config.status:1214: creating tests/Makefile
config.status:1214: creating tests/atlocal
config.status:1214: creating Makefile
config.status:1214: creating src/Makefile
config.status:1214: creating igraph.pc
config.status:1214: creating igraph_Info.plist
config.status:1214: creating doc/Makefile
config.status:1214: creating include/igraph_version.h
config.status:1214: creating include/igraph_threading.h
config.status:1214: creating config.h
config.status:1443: executing tests/atconfig commands
config.status:1443: executing depfiles commands
config.status:1443: executing libtool commands
configure:20692: result: igraph successfully configured.
configure:20694: result:   GraphML format support -- yes
configure:20696: result:   GMP library support    -- no
configure:20698: result:   GLPK library support   -- yes
configure:20700: result:   Thread-local storage   -- yes
configure:20702: result:   Use internal ARPACK    -- yes
configure:20704: result:   Use internal LAPACK    -- yes
configure:20706: result:   Use internal BLAS      -- yes
configure:20708: result:   Use internal F2C       -- yes
configure:20711: result:   Use internal GLPK      -- yes
configure:20714: result:   Debug build            -- no
configure:20716: result:   Profiling              -- no

## ---------------- ##
## Cache variables. ##
## ---------------- ##

ac_cv_build=x86_64-unknown-linux-gnu
ac_cv_c_compiler_gnu=yes
ac_cv_cxx_compiler_gnu=yes
ac_cv_env_CCC_set=
ac_cv_env_CCC_value=
ac_cv_env_CC_set=
ac_cv_env_CC_value=
ac_cv_env_CFLAGS_set=
ac_cv_env_CFLAGS_value=
ac_cv_env_CPPFLAGS_set=
ac_cv_env_CPPFLAGS_value=
ac_cv_env_CPP_set=
ac_cv_env_CPP_value=
ac_cv_env_CXXCPP_set=
ac_cv_env_CXXCPP_value=
ac_cv_env_CXXFLAGS_set=
ac_cv_env_CXXFLAGS_value=
ac_cv_env_CXX_set=
ac_cv_env_CXX_value=
ac_cv_env_LDFLAGS_set=
ac_cv_env_LDFLAGS_value=
ac_cv_env_LIBS_set=
ac_cv_env_LIBS_value=
ac_cv_env_YACC_set=
ac_cv_env_YACC_value=
ac_cv_env_YFLAGS_set=
ac_cv_env_YFLAGS_value=
ac_cv_env_build_alias_set=
ac_cv_env_build_alias_value=
ac_cv_env_host_alias_set=
ac_cv_env_host_alias_value=
ac_cv_env_target_alias_set=
ac_cv_env_target_alias_value=
ac_cv_func__strdup=no
ac_cv_func_dlopen=no
ac_cv_func_expm1=yes
ac_cv_func_fabsl=yes
ac_cv_func_finite=yes
ac_cv_func_fmin=yes
ac_cv_func_ftruncate=yes
ac_cv_func_isnan=yes
ac_cv_func_log1p=yes
ac_cv_func_log2=yes
ac_cv_func_rint=yes
ac_cv_func_rintf=yes
ac_cv_func_round=yes
ac_cv_func_shl_load=no
ac_cv_func_snprintf=yes
ac_cv_func_stpcpy=yes
ac_cv_func_strcasecmp=yes
ac_cv_func_strdup=yes
ac_cv_have_decl_stpcpy=yes
ac_cv_header_dlfcn_h=yes
ac_cv_header_inttypes_h=yes
ac_cv_header_libxml_parser_h=yes
ac_cv_header_memory_h=yes
ac_cv_header_stdarg_h=yes
ac_cv_header_stdc=yes
ac_cv_header_stdint_h=yes
ac_cv_header_stdlib_h=yes
ac_cv_header_string_h=yes
ac_cv_header_strings_h=yes
ac_cv_header_sys_int_types_h=no
ac_cv_header_sys_stat_h=yes
ac_cv_header_sys_times_h=yes
ac_cv_header_sys_types_h=yes
ac_cv_header_time_h=yes
ac_cv_header_unistd_h=yes
ac_cv_host=x86_64-unknown-linux-gnu
ac_cv_lib_dl_dlopen=yes
ac_cv_lib_dld_shl_load=no
ac_cv_lib_gmp___gmpz_add=no
ac_cv_lib_xml2_xmlSAXUserParseFile=yes
ac_cv_objext=o
ac_cv_path_EGREP='/bin/grep -E'
ac_cv_path_FGREP='/bin/grep -F'
ac_cv_path_GREP=/bin/grep
ac_cv_path_SED=/bin/sed
ac_cv_path_XML2CONFIG=/usr/bin/xml2-config
ac_cv_path_install='/usr/bin/install -c'
ac_cv_path_mkdir=/bin/mkdir
ac_cv_prog_AWK=gawk
ac_cv_prog_CPP='gcc -E'
ac_cv_prog_CXXCPP='g++ -E'
ac_cv_prog_ac_ct_AR=ar
ac_cv_prog_ac_ct_CC=gcc
ac_cv_prog_ac_ct_CXX=g++
ac_cv_prog_ac_ct_DLLTOOL=dlltool
ac_cv_prog_ac_ct_OBJDUMP=objdump
ac_cv_prog_ac_ct_RANLIB=ranlib
ac_cv_prog_ac_ct_STRIP=strip
ac_cv_prog_cc_c89=
ac_cv_prog_cc_g=yes
ac_cv_prog_cxx_g=yes
ac_cv_prog_make_make_set=yes
ac_cv_tls=__thread
am_cv_CC_dependencies_compiler_type=gcc3
am_cv_CXX_dependencies_compiler_type=gcc3
am_cv_make_support_nested_variables=yes
am_cv_prog_cc_c_o=yes
lt_cv_ar_at_file=@
lt_cv_archive_cmds_need_lc=no
lt_cv_deplibs_check_method=pass_all
lt_cv_dlopen=dlopen
lt_cv_dlopen_libs=-ldl
lt_cv_dlopen_self=yes
lt_cv_dlopen_self_static=yes
lt_cv_file_magic_cmd='$MAGIC_CMD'
lt_cv_file_magic_test_file=
lt_cv_ld_reload_flag=-r
lt_cv_nm_interface='BSD nm'
lt_cv_objdir=.libs
lt_cv_path_LD=/usr/bin/ld
lt_cv_path_LDCXX='/usr/bin/ld -m elf_x86_64'
lt_cv_path_NM='/usr/bin/nm -B'
lt_cv_path_mainfest_tool=no
lt_cv_prog_compiler_c_o=yes
lt_cv_prog_compiler_c_o_CXX=yes
lt_cv_prog_compiler_pic='-fPIC -DPIC'
lt_cv_prog_compiler_pic_CXX='-fPIC -DPIC'
lt_cv_prog_compiler_pic_works=yes
lt_cv_prog_compiler_pic_works_CXX=yes
lt_cv_prog_compiler_rtti_exceptions=no
lt_cv_prog_compiler_static_works=no
lt_cv_prog_compiler_static_works_CXX=no
lt_cv_prog_gnu_ld=yes
lt_cv_prog_gnu_ldcxx=yes
lt_cv_sharedlib_from_linklib_cmd='printf %s\n'
lt_cv_shlibpath_overrides_runpath=no
lt_cv_sys_global_symbol_pipe='sed -n -e '\''s/^.*[	 ]\([ABCDGIRSTW][ABCDGIRSTW]*\)[	 ][	 ]*\([_A-Za-z][_A-Za-z0-9]*\)$/\1 \2 \2/p'\'' | sed '\''/ __gnu_lto/d'\'''
lt_cv_sys_global_symbol_to_c_name_address='sed -n -e '\''s/^: \([^ ]*\)[ ]*$/  {\"\1\", (void *) 0},/p'\'' -e '\''s/^[ABCDGIRSTW]* \([^ ]*\) \([^ ]*\)$/  {"\2", (void *) \&\2},/p'\'''
lt_cv_sys_global_symbol_to_c_name_address_lib_prefix='sed -n -e '\''s/^: \([^ ]*\)[ ]*$/  {\"\1\", (void *) 0},/p'\'' -e '\''s/^[ABCDGIRSTW]* \([^ ]*\) \(lib[^ ]*\)$/  {"\2", (void *) \&\2},/p'\'' -e '\''s/^[ABCDGIRSTW]* \([^ ]*\) \([^ ]*\)$/  {"lib\2", (void *) \&\2},/p'\'''
lt_cv_sys_global_symbol_to_cdecl='sed -n -e '\''s/^T .* \(.*\)$/extern int \1();/p'\'' -e '\''s/^[ABCDGIRSTW]* .* \(.*\)$/extern char \1;/p'\'''
lt_cv_sys_max_cmd_len=1966080
lt_cv_to_host_file_cmd=func_convert_file_noop
lt_cv_to_tool_file_cmd=func_convert_file_noop

## ----------------- ##
## Output variables. ##
## ----------------- ##

ACLOCAL='${SHELL} /home/houghton/tools/igraph-0.7.1/missing aclocal-1.14'
AMDEPBACKSLASH='\'
AMDEP_FALSE='#'
AMDEP_TRUE=''
AMTAR='$${TAR-tar}'
AM_BACKSLASH='\'
AM_DEFAULT_V='$(AM_DEFAULT_VERBOSITY)'
AM_DEFAULT_VERBOSITY='1'
AM_V='$(V)'
AR='ar'
AS='as'
AUTOCONF='${SHELL} /home/houghton/tools/igraph-0.7.1/missing autoconf'
AUTOHEADER='${SHELL} /home/houghton/tools/igraph-0.7.1/missing autoheader'
AUTOM4TE='${SHELL} /home/houghton/tools/igraph-0.7.1/missing autom4te'
AUTOMAKE='${SHELL} /home/houghton/tools/igraph-0.7.1/missing automake-1.14'
AWK='gawk'
CC='gcc'
CCDEPMODE='depmode=gcc3'
CFLAGS='-g -O2 -I/usr/include/libxml2'
CPP='gcc -E'
CPPFLAGS='-g -O2 -I/usr/include/libxml2'
CXX='g++'
CXXCPP='g++ -E'
CXXDEPMODE='depmode=gcc3'
CXXFLAGS='-g -O2'
CYGPATH_W='echo'
DEFS='-DHAVE_CONFIG_H'
DEPDIR='.deps'
DLLTOOL='dlltool'
DSYMUTIL=''
DUMPBIN=''
ECHO_C=''
ECHO_N='-n'
ECHO_T=''
EGREP='/bin/grep -E'
EXEEXT=''
FGREP='/bin/grep -F'
FLOATSTORE='-ffloat-store'
GREP='/bin/grep'
HAVE_TLS='1'
INSTALL_DATA='${INSTALL} -m 644'
INSTALL_PROGRAM='${INSTALL}'
INSTALL_SCRIPT='${INSTALL}'
INSTALL_STRIP_PROGRAM='$(install_sh) -c -s'
INTERNAL_ARPACK_FALSE='#'
INTERNAL_ARPACK_TRUE=''
INTERNAL_BLAS_FALSE='#'
INTERNAL_BLAS_TRUE=''
INTERNAL_F2C_FALSE='#'
INTERNAL_F2C_TRUE=''
INTERNAL_GLPK_FALSE='#'
INTERNAL_GLPK_TRUE=''
INTERNAL_LAPACK_FALSE='#'
INTERNAL_LAPACK_TRUE=''
LD='/usr/bin/ld -m elf_x86_64'
LDFLAGS=''
LEX='${SHELL} /home/houghton/tools/igraph-0.7.1/missing flex'
LEXLIB=''
LEX_OUTPUT_ROOT=''
LIBOBJS=''
LIBS=''
LIBTOOL='$(SHELL) $(top_builddir)/libtool'
LIPO=''
LN_S='ln -s'
LTLIBOBJS=''
MAKEINFO='${SHELL} /home/houghton/tools/igraph-0.7.1/missing makeinfo'
MANIFEST_TOOL=':'
MKDIR_P='/bin/mkdir -p'
NM='/usr/bin/nm -B'
NMEDIT=''
OBJDUMP='objdump'
OBJEXT='o'
OTOOL64=''
OTOOL=''
PACKAGE='igraph'
PACKAGE_BUGREPORT='csardi.gabor@gmail.com'
PACKAGE_NAME='igraph'
PACKAGE_STRING='igraph 0.7.1'
PACKAGE_TARNAME='igraph'
PACKAGE_URL=''
PACKAGE_VERSION='0.7.1'
PATH_SEPARATOR=':'
PKGCONFIG_LIBS_PRIVATE='-lxml2 -lz -lm'
RANLIB='ranlib'
SED='/bin/sed'
SET_MAKE=''
SHELL='/bin/sh'
STRIP='strip'
VERSION='0.7.1'
WARNING_CFLAGS=' -Wall'
WERROR_CFLAGS=''
XML2CONFIG='/usr/bin/xml2-config'
XML2_CFLAGS='-I/usr/include/libxml2'
XML2_LIBS='-lxml2 -lz -lm'
YACC='yacc'
YFLAGS=''
ac_ct_AR='ar'
ac_ct_CC='gcc'
ac_ct_CXX='g++'
ac_ct_DUMPBIN=''
am__EXEEXT_FALSE=''
am__EXEEXT_TRUE='#'
am__fastdepCC_FALSE='#'
am__fastdepCC_TRUE=''
am__fastdepCXX_FALSE='#'
am__fastdepCXX_TRUE=''
am__include='include'
am__isrc=''
am__leading_dot='.'
am__nodep='_no'
am__quote=''
am__tar='$${TAR-tar} chof - "$$tardir"'
am__untar='$${TAR-tar} xf -'
bindir='${exec_prefix}/bin'
build='x86_64-unknown-linux-gnu'
build_alias=''
build_cpu='x86_64'
build_os='linux-gnu'
build_vendor='unknown'
datadir='${datarootdir}'
datarootdir='${prefix}/share'
docdir='${datarootdir}/doc/${PACKAGE_TARNAME}'
dvidir='${docdir}'
exec_prefix='${prefix}'
host='x86_64-unknown-linux-gnu'
host_alias=''
host_cpu='x86_64'
host_os='linux-gnu'
host_vendor='unknown'
htmldir='${docdir}'
includedir='${prefix}/include'
infodir='${datarootdir}/info'
install_sh='${SHELL} /home/houghton/tools/igraph-0.7.1/install-sh'
libdir='${exec_prefix}/lib'
libexecdir='${exec_prefix}/libexec'
localedir='${datarootdir}/locale'
localstatedir='${prefix}/var'
mandir='${datarootdir}/man'
mkdir_p='$(MKDIR_P)'
oldincludedir='/usr/include'
pdfdir='${docdir}'
prefix='/usr/local'
program_transform_name='s,x,x,'
psdir='${docdir}'
sbindir='${exec_prefix}/sbin'
sharedstatedir='${prefix}/com'
sysconfdir='${prefix}/etc'
target_alias=''

## ----------- ##
## confdefs.h. ##
## ----------- ##

/* confdefs.h */
#define PACKAGE_NAME "igraph"
#define PACKAGE_TARNAME "igraph"
#define PACKAGE_VERSION "0.7.1"
#define PACKAGE_STRING "igraph 0.7.1"
#define PACKAGE_BUGREPORT "csardi.gabor@gmail.com"
#define PACKAGE_URL ""
#define PACKAGE "igraph"
#define VERSION "0.7.1"
#define STDC_HEADERS 1
#define HAVE_SYS_TYPES_H 1
#define HAVE_SYS_STAT_H 1
#define HAVE_STDLIB_H 1
#define HAVE_STRING_H 1
#define HAVE_MEMORY_H 1
#define HAVE_STRINGS_H 1
#define HAVE_INTTYPES_H 1
#define HAVE_STDINT_H 1
#define HAVE_UNISTD_H 1
#define HAVE_TIMES_H 1
#define HAVE_DLFCN_H 1
#define LT_OBJDIR ".libs/"
#define STDC_HEADERS 1
#define HAVE_STDARG_H 1
#define HAVE_STDLIB_H 1
#define HAVE_STRING_H 1
#define HAVE_TIME_H 1
#define HAVE_UNISTD_H 1
#define HAVE_STDINT_H 1
#define HAVE_EXPM1 1
#define HAVE_RINT 1
#define HAVE_RINTF 1
#define HAVE_FINITE 1
#define HAVE_LOG2 1
#define HAVE_SNPRINTF 1
#define HAVE_LOG1P 1
#define HAVE_ROUND 1
#define HAVE_FABSL 1
#define HAVE_FMIN 1
#define HAVE_STRCASECMP 1
#define HAVE_ISNAN 1
#define HAVE_STRDUP 1
#define HAVE_FTRUNCATE 1
#define HAVE_STPCPY 1
#define HAVE_STPCPY_SIGNATURE 1
#define HAVE_LIBXML 1
#define TLS __thread
#define HAVE_TLS 1
#define IGRAPH_THREAD_LOCAL __thread
#define IGRAPH_F77_SAVE static IGRAPH_THREAD_LOCAL
#define INTERNAL_F2C 1
#define INTERNAL_BLAS 1
#define INTERNAL_LAPACK 1
#define INTERNAL_ARPACK 1
#define HAVE_GLPK 1
#define INTERNAL_GLPK 1

configure: exit 0
