This file contains any messages produced by compilers while
running configure, to aid debugging if configure makes a mistake.

It was created by cos.c configure 1.0, which was
generated by GNU Autoconf 2.68.  Invocation command line was

  $ ./configure 

## --------- ##
## Platform. ##
## --------- ##

hostname = marketdepth.mit.edu
uname -m = x86_64
uname -r = 2.6.32-504.8.1.el6.x86_64
uname -s = Linux
uname -v = #1 SMP Fri Dec 19 12:09:25 EST 2014

/usr/bin/uname -p = unknown
/bin/uname -X     = unknown

/bin/arch              = x86_64
/usr/bin/arch -k       = unknown
/usr/convex/getsysinfo = unknown
/usr/bin/hostinfo      = unknown
/bin/machine           = unknown
/usr/bin/oslevel       = unknown
/bin/universe          = unknown

PATH: /home/houghton/venv/bin
PATH: /home/UTL
PATH: /home/TOOL
PATH: /usr/lib64/qt-3.3/bin
PATH: /usr/local/bin
PATH: /bin
PATH: /usr/bin
PATH: /usr/local/sbin
PATH: /usr/sbin
PATH: /sbin
PATH: /home/houghton/bin


## ----------- ##
## Core tests. ##
## ----------- ##

configure:2043: checking for gcc
configure:2059: found /usr/bin/gcc
configure:2070: result: gcc
configure:2299: checking for C compiler version
configure:2308: gcc --version >&5
gcc (GCC) 4.4.7 20120313 (Red Hat 4.4.7-11)
Copyright (C) 2010 Free Software Foundation, Inc.
This is free software; see the source for copying conditions.  There is NO
warranty; not even for MERCHANTABILITY or FITNESS FOR A PARTICULAR PURPOSE.

configure:2319: $? = 0
configure:2308: gcc -v >&5
Using built-in specs.
Target: x86_64-redhat-linux
Configured with: ../configure --prefix=/usr --mandir=/usr/share/man --infodir=/usr/share/info --with-bugurl=http://bugzilla.redhat.com/bugzilla --enable-bootstrap --enable-shared --enable-threads=posix --enable-checking=release --with-system-zlib --enable-__cxa_atexit --disable-libunwind-exceptions --enable-gnu-unique-object --enable-languages=c,c++,objc,obj-c++,java,fortran,ada --enable-java-awt=gtk --disable-dssi --with-java-home=/usr/lib/jvm/java-1.5.0-gcj-1.5.0.0/jre --enable-libgcj-multifile --enable-java-maintainer-mode --with-ecj-jar=/usr/share/java/eclipse-ecj.jar --disable-libjava-multilib --with-ppl --with-cloog --with-tune=generic --with-arch_32=i686 --build=x86_64-redhat-linux
Thread model: posix
gcc version 4.4.7 20120313 (Red Hat 4.4.7-11) (GCC) 
configure:2319: $? = 0
configure:2308: gcc -V >&5
gcc: '-V' option must have argument
configure:2319: $? = 1
configure:2308: gcc -qversion >&5
gcc: unrecognized option '-qversion'
gcc: no input files
configure:2319: $? = 1
configure:2339: checking whether the C compiler works
configure:2361: gcc    conftest.c  >&5
configure:2365: $? = 0
configure:2413: result: yes
configure:2416: checking for C compiler default output file name
configure:2418: result: a.out
configure:2424: checking for suffix of executables
configure:2431: gcc -o conftest    conftest.c  >&5
configure:2435: $? = 0
configure:2457: result: 
configure:2479: checking whether we are cross compiling
configure:2487: gcc -o conftest    conftest.c  >&5
configure:2491: $? = 0
configure:2498: ./conftest
configure:2502: $? = 0
configure:2517: result: no
configure:2522: checking for suffix of object files
configure:2544: gcc -c   conftest.c >&5
configure:2548: $? = 0
configure:2569: result: o
configure:2573: checking whether we are using the GNU C compiler
configure:2592: gcc -c   conftest.c >&5
configure:2592: $? = 0
configure:2601: result: yes
configure:2610: checking whether gcc accepts -g
configure:2630: gcc -c -g  conftest.c >&5
configure:2630: $? = 0
configure:2671: result: yes
configure:2688: checking for gcc option to accept ISO C89
configure:2752: gcc  -c -g -O2  conftest.c >&5
configure:2752: $? = 0
configure:2765: result: none needed
configure:2810: checking how to run the C preprocessor
configure:2841: gcc -E  -I/usr/local/include/igraph conftest.c
configure:2841: $? = 0
configure:2855: gcc -E  -I/usr/local/include/igraph conftest.c
conftest.c:9:28: error: ac_nonexistent.h: No such file or directory
configure:2855: $? = 1
configure: failed program was:
| /* confdefs.h */
| #define PACKAGE_NAME "cos.c"
| #define PACKAGE_TARNAME "cos-c"
| #define PACKAGE_VERSION "1.0"
| #define PACKAGE_STRING "cos.c 1.0"
| #define PACKAGE_BUGREPORT ""
| #define PACKAGE_URL ""
| /* end confdefs.h.  */
| #include <ac_nonexistent.h>
configure:2880: result: gcc -E
configure:2900: gcc -E  -I/usr/local/include/igraph conftest.c
configure:2900: $? = 0
configure:2914: gcc -E  -I/usr/local/include/igraph conftest.c
conftest.c:9:28: error: ac_nonexistent.h: No such file or directory
configure:2914: $? = 1
configure: failed program was:
| /* confdefs.h */
| #define PACKAGE_NAME "cos.c"
| #define PACKAGE_TARNAME "cos-c"
| #define PACKAGE_VERSION "1.0"
| #define PACKAGE_STRING "cos.c 1.0"
| #define PACKAGE_BUGREPORT ""
| #define PACKAGE_URL ""
| /* end confdefs.h.  */
| #include <ac_nonexistent.h>
configure:2943: checking for grep that handles long lines and -e
configure:3001: result: /bin/grep
configure:3006: checking for egrep
configure:3068: result: /bin/grep -E
configure:3073: checking for ANSI C header files
configure:3093: gcc -c -g -O2 -I/usr/local/include/igraph  -I/usr/local/include/igraph conftest.c >&5
configure:3093: $? = 0
configure:3166: gcc -o conftest -g -O2 -I/usr/local/include/igraph  -I/usr/local/include/igraph  -L/usr/local/lib -L/opt/local/lib conftest.c  >&5
configure:3166: $? = 0
configure:3166: ./conftest
configure:3166: $? = 0
configure:3177: result: yes
configure:3190: checking for sys/types.h
configure:3190: gcc -c -g -O2 -I/usr/local/include/igraph  -I/usr/local/include/igraph conftest.c >&5
configure:3190: $? = 0
configure:3190: result: yes
configure:3190: checking for sys/stat.h
configure:3190: gcc -c -g -O2 -I/usr/local/include/igraph  -I/usr/local/include/igraph conftest.c >&5
configure:3190: $? = 0
configure:3190: result: yes
configure:3190: checking for stdlib.h
configure:3190: gcc -c -g -O2 -I/usr/local/include/igraph  -I/usr/local/include/igraph conftest.c >&5
configure:3190: $? = 0
configure:3190: result: yes
configure:3190: checking for string.h
configure:3190: gcc -c -g -O2 -I/usr/local/include/igraph  -I/usr/local/include/igraph conftest.c >&5
configure:3190: $? = 0
configure:3190: result: yes
configure:3190: checking for memory.h
configure:3190: gcc -c -g -O2 -I/usr/local/include/igraph  -I/usr/local/include/igraph conftest.c >&5
configure:3190: $? = 0
configure:3190: result: yes
configure:3190: checking for strings.h
configure:3190: gcc -c -g -O2 -I/usr/local/include/igraph  -I/usr/local/include/igraph conftest.c >&5
configure:3190: $? = 0
configure:3190: result: yes
configure:3190: checking for inttypes.h
configure:3190: gcc -c -g -O2 -I/usr/local/include/igraph  -I/usr/local/include/igraph conftest.c >&5
configure:3190: $? = 0
configure:3190: result: yes
configure:3190: checking for stdint.h
configure:3190: gcc -c -g -O2 -I/usr/local/include/igraph  -I/usr/local/include/igraph conftest.c >&5
configure:3190: $? = 0
configure:3190: result: yes
configure:3190: checking for unistd.h
configure:3190: gcc -c -g -O2 -I/usr/local/include/igraph  -I/usr/local/include/igraph conftest.c >&5
configure:3190: $? = 0
configure:3190: result: yes
configure:3204: checking igraph.h usability
configure:3204: gcc -c -g -O2 -I/usr/local/include/igraph  -I/usr/local/include/igraph conftest.c >&5
configure:3204: $? = 0
configure:3204: result: yes
configure:3204: checking igraph.h presence
configure:3204: gcc -E  -I/usr/local/include/igraph conftest.c
configure:3204: $? = 0
configure:3204: result: yes
configure:3204: checking for igraph.h
configure:3204: result: yes
configure:3220: checking for igraph_vector_init in -ligraph
configure:3245: gcc -o conftest -g -O2 -I/usr/local/include/igraph  -I/usr/local/include/igraph  -L/usr/local/lib -L/opt/local/lib conftest.c -ligraph   >&5
configure:3245: $? = 0
configure:3254: result: yes
configure:3268: checking for igraph_read_graph_dl in -ligraph
configure:3293: gcc -o conftest -g -O2 -I/usr/local/include/igraph  -I/usr/local/include/igraph  -L/usr/local/lib -L/opt/local/lib conftest.c -ligraph  -ligraph  >&5
configure:3293: $? = 0
configure:3302: result: yes
configure:3322: checking for pthread_create in -lpthread
configure:3347: gcc -o conftest -g -O2 -I/usr/local/include/igraph  -I/usr/local/include/igraph  -L/usr/local/lib -L/opt/local/lib conftest.c -lpthread  -ligraph -ligraph  >&5
configure:3347: $? = 0
configure:3356: result: yes
configure:3526: creating ./config.status

## ---------------------- ##
## Running config.status. ##
## ---------------------- ##

This file was extended by cos.c config.status 1.0, which was
generated by GNU Autoconf 2.68.  Invocation command line was

  CONFIG_FILES    = 
  CONFIG_HEADERS  = 
  CONFIG_LINKS    = 
  CONFIG_COMMANDS = 
  $ ./config.status 

on marketdepth.mit.edu

config.status:736: creating Makefile
config.status:736: creating extras/Makefile

## ---------------- ##
## Cache variables. ##
## ---------------- ##

ac_cv_c_compiler_gnu=yes
ac_cv_env_CC_set=
ac_cv_env_CC_value=
ac_cv_env_CFLAGS_set=
ac_cv_env_CFLAGS_value=
ac_cv_env_CPPFLAGS_set=
ac_cv_env_CPPFLAGS_value=
ac_cv_env_CPP_set=
ac_cv_env_CPP_value=
ac_cv_env_LDFLAGS_set=
ac_cv_env_LDFLAGS_value=
ac_cv_env_LIBS_set=
ac_cv_env_LIBS_value=
ac_cv_env_build_alias_set=
ac_cv_env_build_alias_value=
ac_cv_env_host_alias_set=
ac_cv_env_host_alias_value=
ac_cv_env_target_alias_set=
ac_cv_env_target_alias_value=
ac_cv_header_igraph_h=yes
ac_cv_header_inttypes_h=yes
ac_cv_header_memory_h=yes
ac_cv_header_stdc=yes
ac_cv_header_stdint_h=yes
ac_cv_header_stdlib_h=yes
ac_cv_header_string_h=yes
ac_cv_header_strings_h=yes
ac_cv_header_sys_stat_h=yes
ac_cv_header_sys_types_h=yes
ac_cv_header_unistd_h=yes
ac_cv_lib_igraph_igraph_read_graph_dl=yes
ac_cv_lib_igraph_igraph_vector_init=yes
ac_cv_lib_pthread_pthread_create=yes
ac_cv_objext=o
ac_cv_path_EGREP='/bin/grep -E'
ac_cv_path_GREP=/bin/grep
ac_cv_prog_CPP='gcc -E'
ac_cv_prog_ac_ct_CC=gcc
ac_cv_prog_cc_c89=
ac_cv_prog_cc_g=yes

## ----------------- ##
## Output variables. ##
## ----------------- ##

CC='gcc'
CFLAGS='-g -O2 -I/usr/local/include/igraph'
CPP='gcc -E'
CPPFLAGS=' -I/usr/local/include/igraph'
DEFS='-DPACKAGE_NAME=\"cos.c\" -DPACKAGE_TARNAME=\"cos-c\" -DPACKAGE_VERSION=\"1.0\" -DPACKAGE_STRING=\"cos.c\ 1.0\" -DPACKAGE_BUGREPORT=\"\" -DPACKAGE_URL=\"\" -DSTDC_HEADERS=1 -DHAVE_SYS_TYPES_H=1 -DHAVE_SYS_STAT_H=1 -DHAVE_STDLIB_H=1 -DHAVE_STRING_H=1 -DHAVE_MEMORY_H=1 -DHAVE_STRINGS_H=1 -DHAVE_INTTYPES_H=1 -DHAVE_STDINT_H=1 -DHAVE_UNISTD_H=1 -DHAVE_IGRAPH_H=1 -DHAVE_LIBIGRAPH=1 -DHAVE_LIBIGRAPH=1 -DHAVE_LIBPTHREAD=1'
ECHO_C=''
ECHO_N='-n'
ECHO_T=''
EGREP='/bin/grep -E'
EXEEXT=''
GREP='/bin/grep'
LDFLAGS=' -L/usr/local/lib -L/opt/local/lib'
LIBOBJS=''
LIBS='-lpthread -ligraph -ligraph '
LTLIBOBJS=''
OBJEXT='o'
PACKAGE_BUGREPORT=''
PACKAGE_NAME='cos.c'
PACKAGE_STRING='cos.c 1.0'
PACKAGE_TARNAME='cos-c'
PACKAGE_URL=''
PACKAGE_VERSION='1.0'
PATH_SEPARATOR=':'
SHELL='/bin/sh'
ac_ct_CC='gcc'
bindir='${exec_prefix}/bin'
build_alias=''
datadir='${datarootdir}'
datarootdir='${prefix}/share'
docdir='${datarootdir}/doc/${PACKAGE_TARNAME}'
dvidir='${docdir}'
exec_prefix='${prefix}'
host_alias=''
htmldir='${docdir}'
includedir='${prefix}/include'
infodir='${datarootdir}/info'
libdir='${exec_prefix}/lib'
libexecdir='${exec_prefix}/libexec'
localedir='${datarootdir}/locale'
localstatedir='${prefix}/var'
mandir='${datarootdir}/man'
oldincludedir='/usr/include'
pdfdir='${docdir}'
prefix='/usr/local'
program_transform_name='s,x,x,'
psdir='${docdir}'
sbindir='${exec_prefix}/sbin'
sharedstatedir='${prefix}/com'
sysconfdir='${prefix}/etc'
target_alias=''

## ----------- ##
## confdefs.h. ##
## ----------- ##

/* confdefs.h */
#define PACKAGE_NAME "cos.c"
#define PACKAGE_TARNAME "cos-c"
#define PACKAGE_VERSION "1.0"
#define PACKAGE_STRING "cos.c 1.0"
#define PACKAGE_BUGREPORT ""
#define PACKAGE_URL ""
#define STDC_HEADERS 1
#define HAVE_SYS_TYPES_H 1
#define HAVE_SYS_STAT_H 1
#define HAVE_STDLIB_H 1
#define HAVE_STRING_H 1
#define HAVE_MEMORY_H 1
#define HAVE_STRINGS_H 1
#define HAVE_INTTYPES_H 1
#define HAVE_STDINT_H 1
#define HAVE_UNISTD_H 1
#define HAVE_IGRAPH_H 1
#define HAVE_LIBIGRAPH 1
#define HAVE_LIBIGRAPH 1
#define HAVE_LIBPTHREAD 1

configure: exit 0
