This is pdfTeX, Version 3.14159265-2.6-1.40.16 (TeX Live 2015) (preloaded format=pdflatex 2015.8.17)  25 JAN 2016 09:18
entering extended mode
 restricted \write18 enabled.
 file:line:error style messages enabled.
 %&-line parsing enabled.
**endfloat.ins
(./endfloat.ins
LaTeX2e <2015/01/01>
Babel <3.9l> and hyphenation patterns for 21 languages loaded.
(/usr/local/texlive/2015basic/texmf-dist/tex/latex/base/docstrip.tex
\blockLevel=\count79
\emptyLines=\count80
\processedLines=\count81
\commentsRemoved=\count82
\commentsPassed=\count83
\codeLinesPassed=\count84
\TotalprocessedLines=\count85
\TotalcommentsRemoved=\count86
\TotalcommentsPassed=\count87
\TotalcodeLinesPassed=\count88
\NumberOfFiles=\count89
\inFile=\read1
\inputcheck=\read2
\off@0=\count90
\off@1=\count91
\off@2=\count92
\off@3=\count93
\off@4=\count94
\off@5=\count95
\off@6=\count96
\off@7=\count97
\off@8=\count98
\off@9=\count99
\off@10=\count100
\off@11=\count101
\off@12=\count102
\off@13=\count103
\off@14=\count104
\off@15=\count105
\@maxfiles=\count106
\@maxoutfiles=\count107

Utility: `docstrip' 2.5e <2014/09/29>
English documentation    <2014/09/29>

**********************************************************
* This program converts documented macro-files into fast *
* loadable files by stripping off (nearly) all comments! *
**********************************************************

********************************************************
* No Configuration file found, using default settings. *
********************************************************

(./endfloat.ins

Generating file(s) ./endfloat.sty 
\openout0 = `./endfloat.sty'.


Processing file endfloat.dtx (package) -> endfloat.sty
File endfloat.dtx ended by \endinput.
Lines  processed: 2526
Comments removed: 2137
Comments  passed: 23
Codelines passed: 360


Generating file(s) ./endfloat.drv 
\openout0 = `./endfloat.drv'.


Processing file endfloat.dtx (driver) -> endfloat.drv
File endfloat.dtx ended by \endinput.
Lines  processed: 2526
Comments removed: 2137
Comments  passed: 23
Codelines passed: 360


Generating file(s) ./efxmpl.cfg 
\openout0 = `./efxmpl.cfg'.


Processing file endfloat.dtx (config) -> efxmpl.cfg
File endfloat.dtx ended by \endinput.
Lines  processed: 2526
Comments removed: 2137
Comments  passed: 23
Codelines passed: 360

)
Overall statistics:
Files  processed: 3
Lines  processed: 7578
Comments removed: 6411
Comments  passed: 69
Codelines passed: 1080
 ) ) 
Here is how much of TeX's memory you used:
 331 strings out of 494501
 3400 string characters out of 6167030
 54156 words of memory out of 5000000
 3702 multiletter control sequences out of 15000+600000
 3640 words of font info for 14 fonts, out of 8000000 for 9000
 319 hyphenation exceptions out of 8191
 15i,0n,15p,216b,123s stack positions out of 5000i,500n,10000p,200000b,80000s

No pages of output.
PDF statistics:
 0 PDF objects out of 1000 (max. 8388607)
 0 named destinations out of 1000 (max. 500000)
 1 words of extra memory for PDF output out of 10000 (max. 10000000)

