This is pdfTeX, Version 3.14159265-2.6-1.40.16 (TeX Live 2015) (preloaded format=pdflatex 2015.8.17)  2 JUN 2016 13:41
entering extended mode
 restricted \write18 enabled.
 file:line:error style messages enabled.
 %&-line parsing enabled.
**Appendix_A_Python_Example_tex.tex
(./Appendix_A_Python_Example_tex.tex
LaTeX2e <2015/01/01>
Babel <3.9l> and hyphenation patterns for 21 languages loaded.
(/usr/local/texlive/2015basic/texmf-dist/tex/latex/base/article.cls
Document Class: article 2014/09/29 v1.4h Standard LaTeX document class
(/usr/local/texlive/2015basic/texmf-dist/tex/latex/base/size12.clo
File: size12.clo 2014/09/29 v1.4h Standard LaTeX file (size option)
)
\c@part=\count79
\c@section=\count80
\c@subsection=\count81
\c@subsubsection=\count82
\c@paragraph=\count83
\c@subparagraph=\count84
\c@figure=\count85
\c@table=\count86
\abovecaptionskip=\skip41
\belowcaptionskip=\skip42
\bibindent=\dimen102
)
(/usr/local/texlive/2015basic/texmf-dist/tex/latex/listings/listings.sty
(/usr/local/texlive/2015basic/texmf-dist/tex/latex/graphics/keyval.sty
Package: keyval 2014/10/28 v1.15 key=value parser (DPC)
\KV@toks@=\toks14
)
\lst@mode=\count87
\lst@gtempboxa=\box26
\lst@token=\toks15
\lst@length=\count88
\lst@currlwidth=\dimen103
\lst@column=\count89
\lst@pos=\count90
\lst@lostspace=\dimen104
\lst@width=\dimen105
\lst@newlines=\count91
\lst@lineno=\count92
\lst@maxwidth=\dimen106

(/usr/local/texlive/2015basic/texmf-dist/tex/latex/listings/lstmisc.sty
File: lstmisc.sty 2014/09/06 1.5e (Carsten Heinz)
\c@lstnumber=\count93
\lst@skipnumbers=\count94
\lst@framebox=\box27
)
(/usr/local/texlive/2015basic/texmf-dist/tex/latex/listings/listings.cfg
File: listings.cfg 2014/09/06 1.5e listings configuration
))
Package: listings 2014/09/06 1.5e (Carsten Heinz)

(./Appendix_A_Python_Example_tex.aux)
\openout1 = `Appendix_A_Python_Example_tex.aux'.

LaTeX Font Info:    Checking defaults for OML/cmm/m/it on input line 5.
LaTeX Font Info:    ... okay on input line 5.
LaTeX Font Info:    Checking defaults for T1/cmr/m/n on input line 5.
LaTeX Font Info:    ... okay on input line 5.
LaTeX Font Info:    Checking defaults for OT1/cmr/m/n on input line 5.
LaTeX Font Info:    ... okay on input line 5.
LaTeX Font Info:    Checking defaults for OMS/cmsy/m/n on input line 5.
LaTeX Font Info:    ... okay on input line 5.
LaTeX Font Info:    Checking defaults for OMX/cmex/m/n on input line 5.
LaTeX Font Info:    ... okay on input line 5.
LaTeX Font Info:    Checking defaults for U/cmr/m/n on input line 5.
LaTeX Font Info:    ... okay on input line 5.
\c@lstlisting=\count95

Overfull \hbox (16.18776pt too wide) in paragraph at lines 6--6
[]\OT1/cmr/bx/n/17.28 Appendix A: Clus-ter Iden-ti-fi-ca-tion and Tran-
 []

(/usr/local/texlive/2015basic/texmf-dist/tex/latex/listings/lstlang1.sty
File: lstlang1.sty 2014/09/06 1.5e listings language file
)
[1

{/usr/local/texlive/2015basic/texmf-var/fonts/map/pdftex/updmap/pdftex.map}]
Overfull \hbox (18.89929pt too wide) in paragraph at lines 42--43
[][][][][][][][][][][][][][][][][][][][][][][][] 
 []


Overfull \hbox (230.39893pt too wide) in paragraph at lines 46--47
[][][][][][][][][][][][][][][][][][][][][][][][][][][][][][] 
 []


Overfull \hbox (202.19897pt too wide) in paragraph at lines 48--49
[][][][][][][][][][][][][][][][][][][][][][][][][][][][][] 
 []

LaTeX Font Info:    Try loading font information for OMS+cmr on input line 49.
(/usr/local/texlive/2015basic/texmf-dist/tex/latex/base/omscmr.fd
File: omscmr.fd 2014/09/29 v2.5h Standard LaTeX font definitions
)
LaTeX Font Info:    Font shape `OMS/cmr/m/n' in size <12> not available
(Font)              Font shape `OMS/cmsy/m/n' tried instead on input line 49.

Overfull \hbox (61.19922pt too wide) in paragraph at lines 58--59
[][][][][][][][][][][][][][][][][][][][][][][][] 
 []


Overfull \hbox (47.09924pt too wide) in paragraph at lines 59--60
[][][][][][][][][][][][][][][][][][][][][][] 
 []


Overfull \hbox (166.94904pt too wide) in paragraph at lines 62--63
[][][][][][][][][][][][][][][][][][][][][][] 
 []


Overfull \hbox (152.84906pt too wide) in paragraph at lines 63--64
[][][][][][][][][][][][][][][][][][][][][] 
 []

LaTeX Font Info:    Try loading font information for OML+cmr on input line 64.
(/usr/local/texlive/2015basic/texmf-dist/tex/latex/base/omlcmr.fd
File: omlcmr.fd 2014/09/29 v2.5h Standard LaTeX font definitions
)
LaTeX Font Info:    Font shape `OML/cmr/m/n' in size <12> not available
(Font)              Font shape `OML/cmm/m/it' tried instead on input line 64.

Overfull \hbox (145.79907pt too wide) in paragraph at lines 64--65
[][][][][][][][][][][][][][][][][][][] 
 []


Overfull \hbox (54.14923pt too wide) in paragraph at lines 65--66
[][][][][][][][][][][][][][][] 
 []

[2]
Overfull \hbox (152.84906pt too wide) in paragraph at lines 66--67
[][][][][][][][][][][][][][][][][][][][][][] 
 []


Overfull \hbox (166.94904pt too wide) in paragraph at lines 67--68
[][][][][][][][][][][][][] 
 []


Overfull \hbox (75.2992pt too wide) in paragraph at lines 68--69
[][][][][][][][][][][][][][][][] 
 []


Overfull \hbox (159.89905pt too wide) in paragraph at lines 69--70
[][][][][][][][][][][][][][][][] 
 []


Overfull \hbox (223.34894pt too wide) in paragraph at lines 71--72
[][][][][][][][][][][][][][][][][][][] 
 []


Overfull \hbox (47.09924pt too wide) in paragraph at lines 72--73
[][][][][][][][][][][][][][][][][][][][] 
 []


Overfull \hbox (202.19897pt too wide) in paragraph at lines 73--74
[][][][][][][][][][][][][][][][][][][][][][][] 
 []


Overfull \hbox (96.44916pt too wide) in paragraph at lines 74--75
[][][][][][][][][][][][][][][] 
 []


Overfull \hbox (188.099pt too wide) in paragraph at lines 75--76
[][][][][][][][][][][][][][][][][][][][][] 
 []


Overfull \hbox (173.99902pt too wide) in paragraph at lines 76--77
[][][][][][][][][][][][][][][][][][][][][] 
 []

[3] (./Appendix_A_Python_Example_tex.aux) ) 
Here is how much of TeX's memory you used:
 1692 strings out of 494501
 23789 string characters out of 6167030
 115097 words of memory out of 5000000
 5026 multiletter control sequences out of 15000+600000
 6587 words of font info for 24 fonts, out of 8000000 for 9000
 319 hyphenation exceptions out of 8191
 26i,5n,42p,486b,1478s stack positions out of 5000i,500n,10000p,200000b,80000s
</usr/local/texlive/2015basic/texmf-
dist/fonts/type1/public/amsfonts/cm/cmbx12.pfb></usr/local/texlive/2015basic/te
xmf-dist/fonts/type1/public/amsfonts/cm/cmmi12.pfb></usr/local/texlive/2015basi
c/texmf-dist/fonts/type1/public/amsfonts/cm/cmr12.pfb></usr/local/texlive/2015b
asic/texmf-dist/fonts/type1/public/amsfonts/cm/cmsy10.pfb></usr/local/texlive/2
015basic/texmf-dist/fonts/type1/public/amsfonts/cm/cmti12.pfb></usr/local/texli
ve/2015basic/texmf-dist/fonts/type1/public/amsfonts/cm/cmtt12.pfb>
Output written on Appendix_A_Python_Example_tex.pdf (3 pages, 69725 bytes).
PDF statistics:
 38 PDF objects out of 1000 (max. 8388607)
 26 compressed objects within 1 object stream
 0 named destinations out of 1000 (max. 500000)
 1 words of extra memory for PDF output out of 10000 (max. 10000000)

