This is pdfTeX, Version 3.14159265-2.6-1.40.16 (TeX Live 2015) (preloaded format=pdflatex 2015.8.17)  2 JUN 2016 12:43
entering extended mode
 restricted \write18 enabled.
 file:line:error style messages enabled.
 %&-line parsing enabled.
**Beyond-Keywords-End_Figs.tex
(./Beyond-Keywords-End_Figs.tex
LaTeX2e <2015/01/01>
Babel <3.9l> and hyphenation patterns for 21 languages loaded.
(/usr/local/texlive/2015basic/texmf-dist/tex/latex/base/article.cls
Document Class: article 2014/09/29 v1.4h Standard LaTeX document class
(/usr/local/texlive/2015basic/texmf-dist/tex/latex/base/size12.clo
File: size12.clo 2014/09/29 v1.4h Standard LaTeX file (size option)
)
\c@part=\count79
\c@section=\count80
\c@subsection=\count81
\c@subsubsection=\count82
\c@paragraph=\count83
\c@subparagraph=\count84
\c@figure=\count85
\c@table=\count86
\abovecaptionskip=\skip41
\belowcaptionskip=\skip42
\bibindent=\dimen102
)
(/usr/local/texlive/2015basic/texmf-dist/tex/latex/setspace/setspace.sty
Package: setspace 2011/12/19 v6.7a set line spacing
)
(/usr/local/texlive/2015basic/texmf-dist/tex/latex/listings/listings.sty
(/usr/local/texlive/2015basic/texmf-dist/tex/latex/graphics/keyval.sty
Package: keyval 2014/10/28 v1.15 key=value parser (DPC)
\KV@toks@=\toks14
)
\lst@mode=\count87
\lst@gtempboxa=\box26
\lst@token=\toks15
\lst@length=\count88
\lst@currlwidth=\dimen103
\lst@column=\count89
\lst@pos=\count90
\lst@lostspace=\dimen104
\lst@width=\dimen105
\lst@newlines=\count91
\lst@lineno=\count92
\lst@maxwidth=\dimen106

(/usr/local/texlive/2015basic/texmf-dist/tex/latex/listings/lstmisc.sty
File: lstmisc.sty 2014/09/06 1.5e (Carsten Heinz)
\c@lstnumber=\count93
\lst@skipnumbers=\count94
\lst@framebox=\box27
)
(/usr/local/texlive/2015basic/texmf-dist/tex/latex/listings/listings.cfg
File: listings.cfg 2014/09/06 1.5e listings configuration
))
Package: listings 2014/09/06 1.5e (Carsten Heinz)

(/usr/local/texlive/2015basic/texmf-dist/tex/latex/graphics/color.sty
Package: color 2014/10/28 v1.1a Standard LaTeX Color (DPC)

(/usr/local/texlive/2015basic/texmf-dist/tex/latex/latexconfig/color.cfg
File: color.cfg 2007/01/18 v1.5 color configuration of teTeX/TeXLive
)
Package color Info: Driver file: pdftex.def on input line 142.

(/usr/local/texlive/2015basic/texmf-dist/tex/latex/pdftex-def/pdftex.def
File: pdftex.def 2011/05/27 v0.06d Graphics/color for pdfTeX

(/usr/local/texlive/2015basic/texmf-dist/tex/generic/oberdiek/infwarerr.sty
Package: infwarerr 2010/04/08 v1.3 Providing info/warning/error messages (HO)
)
(/usr/local/texlive/2015basic/texmf-dist/tex/generic/oberdiek/ltxcmds.sty
Package: ltxcmds 2011/11/09 v1.22 LaTeX kernel commands for general use (HO)
)
\Gread@gobject=\count95
))
(/usr/local/texlive/2015basic/texmf-dist/tex/latex/graphics/graphicx.sty
Package: graphicx 2014/10/28 v1.0g Enhanced LaTeX Graphics (DPC,SPQR)

(/usr/local/texlive/2015basic/texmf-dist/tex/latex/graphics/graphics.sty
Package: graphics 2014/10/28 v1.0p Standard LaTeX Graphics (DPC,SPQR)

(/usr/local/texlive/2015basic/texmf-dist/tex/latex/graphics/trig.sty
Package: trig 1999/03/16 v1.09 sin cos tan (DPC)
)
(/usr/local/texlive/2015basic/texmf-dist/tex/latex/latexconfig/graphics.cfg
File: graphics.cfg 2010/04/23 v1.9 graphics configuration of TeX Live
)
Package graphics Info: Driver file: pdftex.def on input line 94.
)
\Gin@req@height=\dimen107
\Gin@req@width=\dimen108
)
(/usr/local/texlive/2015basic/texmf-dist/tex/latex/cite/cite.sty
LaTeX Info: Redefining \cite on input line 302.
LaTeX Info: Redefining \nocite on input line 332.
Package: cite 2015/02/27  v 5.5
) (./asa.sty
ASA style. Unreleased
\c@@numauts=\count96
\c@@numaut=\count97
\@tempcba=\box28
\@tempcbb=\box29
\bibhang=\skip43
\c@@stsecdep=\count98
\c@@isappend=\count99
\@blindrop=\skip44
\c@@arenames=\count100
\c@@isdate=\count101
\c@@depcount=\count102
\c@@poscount=\count103
\c@@namcount=\count104
\c@@orgcount=\count105
\c@@howmp=\count106
\c@@whichp=\count107
\c@@howmd=\count108
\c@@whichd=\count109
\c@@olddep=\count110
\c@this@aufn=\count111
\c@@ckaufn=\count112
\c@@whichmat=\count113
\c@@isorgl=\count114
\c@@isdepl=\count115
\c@@isposl=\count116
\c@@address=\count117
\c@@iskey=\count118
\c@@numkeys=\count119
\c@@isthnx=\count120
\c@@supportfn=\count121
) (./Beyond-Keywords-End_Figs.aux)
\openout1 = `Beyond-Keywords-End_Figs.aux'.

LaTeX Font Info:    Checking defaults for OML/cmm/m/it on input line 19.
LaTeX Font Info:    ... okay on input line 19.
LaTeX Font Info:    Checking defaults for T1/cmr/m/n on input line 19.
LaTeX Font Info:    ... okay on input line 19.
LaTeX Font Info:    Checking defaults for OT1/cmr/m/n on input line 19.
LaTeX Font Info:    ... okay on input line 19.
LaTeX Font Info:    Checking defaults for OMS/cmsy/m/n on input line 19.
LaTeX Font Info:    ... okay on input line 19.
LaTeX Font Info:    Checking defaults for OMX/cmex/m/n on input line 19.
LaTeX Font Info:    ... okay on input line 19.
LaTeX Font Info:    Checking defaults for U/cmr/m/n on input line 19.
LaTeX Font Info:    ... okay on input line 19.
\c@lstlisting=\count122

(/usr/local/texlive/2015basic/texmf-dist/tex/context/base/supp-pdf.mkii
[Loading MPS to PDF converter (version 2006.09.02).]
\scratchcounter=\count123
\scratchdimen=\dimen109
\scratchbox=\box30
\nofMPsegments=\count124
\nofMParguments=\count125
\everyMPshowfont=\toks16
\MPscratchCnt=\count126
\MPscratchDim=\dimen110
\MPnumerator=\count127
\makeMPintoPDFobject=\count128
\everyMPtoPDFconversion=\toks17
) (/usr/local/texlive/2015basic/texmf-dist/tex/generic/oberdiek/pdftexcmds.sty
Package: pdftexcmds 2011/11/29 v0.20 Utility functions of pdfTeX for LuaTeX (HO
)

(/usr/local/texlive/2015basic/texmf-dist/tex/generic/oberdiek/ifluatex.sty
Package: ifluatex 2010/03/01 v1.3 Provides the ifluatex switch (HO)
Package ifluatex Info: LuaTeX not detected.
)
(/usr/local/texlive/2015basic/texmf-dist/tex/generic/oberdiek/ifpdf.sty
Package: ifpdf 2011/01/30 v2.3 Provides the ifpdf switch (HO)
Package ifpdf Info: pdfTeX in PDF mode is detected.
)
Package pdftexcmds Info: LuaTeX not detected.
Package pdftexcmds Info: \pdf@primitive is available.
Package pdftexcmds Info: \pdf@ifprimitive is available.
Package pdftexcmds Info: \pdfdraftmode found.
)
(/usr/local/texlive/2015basic/texmf-dist/tex/latex/oberdiek/epstopdf-base.sty
Package: epstopdf-base 2010/02/09 v2.5 Base part for package epstopdf

(/usr/local/texlive/2015basic/texmf-dist/tex/latex/oberdiek/grfext.sty
Package: grfext 2010/08/19 v1.1 Manage graphics extensions (HO)

(/usr/local/texlive/2015basic/texmf-dist/tex/generic/oberdiek/kvdefinekeys.sty
Package: kvdefinekeys 2011/04/07 v1.3 Define keys (HO)
)) (/usr/local/texlive/2015basic/texmf-dist/tex/latex/oberdiek/kvoptions.sty
Package: kvoptions 2011/06/30 v3.11 Key value format for package options (HO)

(/usr/local/texlive/2015basic/texmf-dist/tex/generic/oberdiek/kvsetkeys.sty
Package: kvsetkeys 2012/04/25 v1.16 Key value parser (HO)

(/usr/local/texlive/2015basic/texmf-dist/tex/generic/oberdiek/etexcmds.sty
Package: etexcmds 2011/02/16 v1.5 Avoid name clashes with e-TeX commands (HO)
Package etexcmds Info: Could not find \expanded.
(etexcmds)             That can mean that you are not using pdfTeX 1.50 or
(etexcmds)             that some package has redefined \expanded.
(etexcmds)             In the latter case, load this package earlier.
)))
Package grfext Info: Graphics extension search list:
(grfext)             [.png,.pdf,.jpg,.mps,.jpeg,.jbig2,.jb2,.PNG,.PDF,.JPG,.JPE
G,.JBIG2,.JB2,.eps]
(grfext)             \AppendGraphicsExtensions on input line 452.

(/usr/local/texlive/2015basic/texmf-dist/tex/latex/latexconfig/epstopdf-sys.cfg
File: epstopdf-sys.cfg 2010/07/13 v1.3 Configuration of (r)epstopdf for TeX Liv
e
))
LaTeX Font Info:    External font `cmex10' loaded for size
(Font)              <12> on input line 29.
LaTeX Font Info:    External font `cmex10' loaded for size
(Font)              <8> on input line 29.
LaTeX Font Info:    External font `cmex10' loaded for size
(Font)              <6> on input line 29.
LaTeX Font Info:    External font `cmex10' loaded for size
(Font)              <7> on input line 29.
LaTeX Font Info:    External font `cmex10' loaded for size
(Font)              <5> on input line 29.
 [1

{/usr/local/texlive/2015basic/texmf-var/fonts/map/pdftex/updmap/pdftex.map}] [2
] [3] [4]
Overfull \hbox (2.35432pt too wide) in paragraph at lines 84--86
[]\OT1/cmr/m/n/12 Tight con-ver-sa-tional clus-ters (high \OT1/cmtt/m/n/12 k\OT
1/cmr/m/n/12 ) must nec-es-sar-ily be con-tained within
 []

[5] [6] [7] [8] [9] (./Beyond-Keywords-End_Figs.bbl [10] [11])
<F1_keyword_volume.png, id=47, 422.57875pt x 174.6525pt>
File: F1_keyword_volume.png Graphic file (type png)

<use F1_keyword_volume.png>
Package pdftex.def Info: F1_keyword_volume.png used on input line 153.
(pdftex.def)             Requested size: 331.50238pt x 137.01456pt.

<F2_Basic_Clusters.png, id=49, 381.425pt x 368.37625pt>
File: F2_Basic_Clusters.png Graphic file (type png)

<use F2_Basic_Clusters.png>
Package pdftex.def Info: F2_Basic_Clusters.png used on input line 160.
(pdftex.def)             Requested size: 253.49762pt x 244.8266pt.

<F3_5clique_clusters.png, id=50, 253.94875pt x 244.915pt>
File: F3_5clique_clusters.png Graphic file (type png)

<use F3_5clique_clusters.png>
Package pdftex.def Info: F3_5clique_clusters.png used on input line 167.
(pdftex.def)             Requested size: 175.49881pt x 169.26059pt.

<F4_3clique_clusters.png, id=51, 363.3575pt x 376.40625pt>
File: F4_3clique_clusters.png Graphic file (type png)

<use F4_3clique_clusters.png>
Package pdftex.def Info: F4_3clique_clusters.png used on input line 174.
(pdftex.def)             Requested size: 253.49762pt x 262.60956pt.

<F5_one_column_nested_cluster.png, id=52, 210.7875pt x 863.225pt>
File: F5_one_column_nested_cluster.png Graphic file (type png)

<use F5_one_column_nested_cluster.png>
Package pdftex.def Info: F5_one_column_nested_cluster.png used on input line 18
1.
(pdftex.def)             Requested size: 117.00119pt x 479.14824pt.

<F6_original_clusters_over_time.png, id=53, 583.17876pt x 277.035pt>
File: F6_original_clusters_over_time.png Graphic file (type png)

<use F6_original_clusters_over_time.png>
Package pdftex.def Info: F6_original_clusters_over_time.png used on input line 
188.
(pdftex.def)             Requested size: 350.99762pt x 166.74222pt.


LaTeX Warning: `h' float specifier changed to `ht'.

<F7_multi_day_cluster.png, id=54, 803.0pt x 926.46124pt>
File: F7_multi_day_cluster.png Graphic file (type png)

<use F7_multi_day_cluster.png>
Package pdftex.def Info: F7_multi_day_cluster.png used on input line 214.
(pdftex.def)             Requested size: 390.0pt x 449.9693pt.

<F8_Matched_cluster_timeseries.png, id=55, 553.06625pt x 380.42125pt>
File: F8_Matched_cluster_timeseries.png Graphic file (type png)

<use F8_Matched_cluster_timeseries.png>
Package pdftex.def Info: F8_Matched_cluster_timeseries.png used on input line 2
22.
(pdftex.def)             Requested size: 350.99762pt x 241.43129pt.
 [12] [13 <./F1_keyword_volume.png> <./F2_Basic_Clusters.png>] [14 <./F3_5cliqu
e_clusters.png> <./F4_3clique_clusters.png>] [15 <./F5_one_column_nested_cluste
r.png>] [16 <./F6_original_clusters_over_time.png>] [17 <./F7_multi_day_cluster
.png>] [18 <./F8_Matched_cluster_timeseries.png>] (./Beyond-Keywords-End_Figs.a
ux)

LaTeX Warning: Label(s) may have changed. Rerun to get cross-references right.

 ) 
Here is how much of TeX's memory you used:
 3231 strings out of 494501
 46221 string characters out of 6167030
 111972 words of memory out of 5000000
 6480 multiletter control sequences out of 15000+600000
 9485 words of font info for 34 fonts, out of 8000000 for 9000
 319 hyphenation exceptions out of 8191
 38i,8n,32p,915b,254s stack positions out of 5000i,500n,10000p,200000b,80000s
</usr/local/texlive/2015basic/texmf-dist/fonts/type1/public/amsfonts/cm/cmbx1
2.pfb></usr/local/texlive/2015basic/texmf-dist/fonts/type1/public/amsfonts/cm/c
mcsc10.pfb></usr/local/texlive/2015basic/texmf-dist/fonts/type1/public/amsfonts
/cm/cmitt10.pfb></usr/local/texlive/2015basic/texmf-dist/fonts/type1/public/ams
fonts/cm/cmr10.pfb></usr/local/texlive/2015basic/texmf-dist/fonts/type1/public/
amsfonts/cm/cmr12.pfb></usr/local/texlive/2015basic/texmf-dist/fonts/type1/publ
ic/amsfonts/cm/cmr7.pfb></usr/local/texlive/2015basic/texmf-dist/fonts/type1/pu
blic/amsfonts/cm/cmr8.pfb></usr/local/texlive/2015basic/texmf-dist/fonts/type1/
public/amsfonts/cm/cmss12.pfb></usr/local/texlive/2015basic/texmf-dist/fonts/ty
pe1/public/amsfonts/cm/cmss17.pfb></usr/local/texlive/2015basic/texmf-dist/font
s/type1/public/amsfonts/cm/cmti12.pfb></usr/local/texlive/2015basic/texmf-dist/
fonts/type1/public/amsfonts/cm/cmtt12.pfb>
Output written on Beyond-Keywords-End_Figs.pdf (18 pages, 698945 bytes).
PDF statistics:
 123 PDF objects out of 1000 (max. 8388607)
 75 compressed objects within 1 object stream
 0 named destinations out of 1000 (max. 500000)
 41 words of extra memory for PDF output out of 10000 (max. 10000000)

